#
# There is insufficient memory for the Java Runtime Environment to continue.
# Native memory allocation (malloc) failed to allocate 111296 bytes for Chunk::new
# Possible reasons:
#   The system is out of physical RAM or swap space
#   In 32 bit mode, the process size limit was hit
# Possible solutions:
#   Reduce memory load on the system
#   Increase physical memory or swap space
#   Check if swap backing store is full
#   Use 64 bit Java on a 64 bit OS
#   Decrease Java heap size (-Xmx/-Xms)
#   Decrease number of Java threads
#   Decrease Java thread stack sizes (-Xss)
#   Set larger code cache with -XX:ReservedCodeCacheSize=
# This output file may be truncated or incomplete.
#
#  Out of Memory Error (allocation.cpp:390), pid=12176, tid=11216
#
# JRE version: Java(TM) SE Runtime Environment (8.0_45-b15) (build 1.8.0_45-b15)
# Java VM: Java HotSpot(TM) 64-Bit Server VM (25.45-b02 mixed mode windows-amd64 compressed oops)
# Failed to write core dump. Minidumps are not enabled by default on client versions of Windows
#

---------------  T H R E A D  ---------------

Current thread (0x0000000014c91000):  JavaThread "C2 CompilerThread1" daemon [_thread_in_native, id=11216, stack(0x00000000162f0000,0x00000000163f0000)]

Stack: [0x00000000162f0000,0x00000000163f0000]
Native frames: (J=compiled Java code, j=interpreted, Vv=VM code, C=native code)
V  [jvm.dll+0x32b57a]


Current CompileTask:
C2:    728  639       4       java.util.HashMap::get (23 bytes)


---------------  P R O C E S S  ---------------

Java Threads: ( => current thread )
  0x000000001679c000 JavaThread "pool-2-thread-4" [_thread_blocked, id=13120, stack(0x0000000016ef0000,0x0000000016ff0000)]
  0x000000001679b800 JavaThread "pool-2-thread-3" [_thread_blocked, id=1668, stack(0x0000000016df0000,0x0000000016ef0000)]
  0x0000000016643000 JavaThread "pool-2-thread-2" [_thread_blocked, id=6888, stack(0x0000000016cf0000,0x0000000016df0000)]
  0x0000000016642800 JavaThread "pool-3-thread-1" [_thread_blocked, id=11568, stack(0x0000000016bf0000,0x0000000016cf0000)]
  0x0000000016652000 JavaThread "pool-2-thread-1" [_thread_blocked, id=9656, stack(0x0000000016af0000,0x0000000016bf0000)]
  0x0000000016516000 JavaThread "Service Thread" daemon [_thread_blocked, id=5072, stack(0x00000000168f0000,0x00000000169f0000)]
  0x0000000014ced000 JavaThread "C1 CompilerThread2" daemon [_thread_blocked, id=10944, stack(0x00000000163f0000,0x00000000164f0000)]
=>0x0000000014c91000 JavaThread "C2 CompilerThread1" daemon [_thread_in_native, id=11216, stack(0x00000000162f0000,0x00000000163f0000)]
  0x0000000014c8d000 JavaThread "C2 CompilerThread0" daemon [_thread_blocked, id=15328, stack(0x00000000161f0000,0x00000000162f0000)]
  0x0000000014c8a000 JavaThread "Attach Listener" daemon [_thread_blocked, id=6240, stack(0x00000000160f0000,0x00000000161f0000)]
  0x0000000014c89000 JavaThread "Signal Dispatcher" daemon [_thread_blocked, id=17044, stack(0x0000000015ff0000,0x00000000160f0000)]
  0x00000000024d6800 JavaThread "Finalizer" daemon [_thread_blocked, id=16968, stack(0x0000000015ef0000,0x0000000015ff0000)]
  0x00000000024ce000 JavaThread "Reference Handler" daemon [_thread_blocked, id=10792, stack(0x0000000015df0000,0x0000000015ef0000)]
  0x00000000023e2800 JavaThread "main" [_thread_blocked, id=5176, stack(0x00000000022c0000,0x00000000023c0000)]

Other Threads:
  0x0000000014c57000 VMThread [stack: 0x0000000015cf0000,0x0000000015df0000] [id=14500]
  0x0000000016517800 WatcherThread [stack: 0x00000000169f0000,0x0000000016af0000] [id=9336]

VM state:at safepoint (normal execution)

VM Mutex/Monitor currently owned by a thread:  ([mutex/lock_event])
[0x00000000025bc520] Threads_lock - owner thread: 0x0000000014c57000
[0x00000000025bc5a0] Heap_lock - owner thread: 0x0000000016643000

Heap:
 PSYoungGen      total 18432K, used 15872K [0x00000000eab00000, 0x00000000ebf80000, 0x0000000100000000)
  eden space 15872K, 100% used [0x00000000eab00000,0x00000000eba80000,0x00000000eba80000)
  from space 2560K, 0% used [0x00000000ebd00000,0x00000000ebd00000,0x00000000ebf80000)
  to   space 2560K, 16% used [0x00000000eba80000,0x00000000ebaec010,0x00000000ebd00000)
 ParOldGen       total 42496K, used 0K [0x00000000c0000000, 0x00000000c2980000, 0x00000000eab00000)
  object space 42496K, 0% used [0x00000000c0000000,0x00000000c0000000,0x00000000c2980000)
 Metaspace       used 5662K, capacity 6704K, committed 6784K, reserved 1056768K
  class space    used 589K, capacity 616K, committed 640K, reserved 1048576K

Card table byte_map: [0x0000000011980000,0x0000000011b90000] byte_map_base: 0x0000000011380000

Marking Bits: (ParMarkBitMap*) 0x0000000060164040
 Begin Bits: [0x00000000120f0000, 0x00000000130f0000)
 End Bits:   [0x00000000130f0000, 0x00000000140f0000)

Polling page: 0x00000000009f0000

CodeCache: size=245760Kb used=2462Kb max_used=2473Kb free=243297Kb
 bounds [0x00000000025c0000, 0x0000000002830000, 0x00000000115c0000]
 total_blobs=896 nmethods=626 adapters=182
 compilation: disabled (not enough contiguous free space left)

Compilation events (10 events):
Event: 0.653 Thread 0x0000000014ced000  625       3       com.android.dx.rop.code.RegisterSpec::<init> (48 bytes)
Event: 0.653 Thread 0x0000000014ced000 nmethod 625 0x00000000028285d0 code [0x0000000002828760, 0x0000000002828b38]
Event: 0.653 Thread 0x0000000014ced000  619       3       com.android.dx.rop.code.RegisterSpec::equals (60 bytes)
Event: 0.654 Thread 0x0000000014ced000 nmethod 619 0x0000000002827c50 code [0x0000000002827e00, 0x0000000002828458]
Event: 0.654 Thread 0x0000000014ced000  632       3       com.android.dx.ssa.SsaMethod$1::visitNonMoveInsn (26 bytes)
Event: 0.654 Thread 0x0000000014ced000 nmethod 632 0x0000000002827450 code [0x00000000028275c0, 0x0000000002827a90]
Event: 0.654 Thread 0x0000000014ced000  634       3       com.android.dx.ssa.SCCP::simulateBranch (666 bytes)
Event: 0.656 Thread 0x0000000014c91000  639       4       java.util.HashMap::get (23 bytes)
Event: 0.657 Thread 0x0000000014c8d000  642       4       java.util.BitSet::set (58 bytes)
Event: 0.658 Thread 0x0000000014ced000 


GC Heap History (0 events):
No events

Deoptimization events (1 events):
Event: 0.651 Thread 0x0000000016643000 Uncommon trap: reason=unstable_if action=reinterpret pc=0x00000000027e49bc method=java.util.HashMap.getNode(ILjava/lang/Object;)Ljava/util/HashMap$Node; @ 62

Internal exceptions (2 events):
Event: 0.044 Thread 0x00000000023e2800 Exception <a 'java/lang/NoSuchMethodError': Method sun.misc.Unsafe.defineClass(Ljava/lang/String;[BII)Ljava/lang/Class; name or signature does not match> (0x00000000eab0d518) thrown at [C:\re\workspace\8-2-build-windows-amd64-cygwin\jdk8u45\3627\hotspot\srCÚ.kÄj¦?
Event: 0.044 Thread 0x00000000023e2800 Exception <a 'java/lang/NoSuchMethodError': Method sun.misc.Unsafe.prefetchRead(Ljava/lang/Object;J)V name or signature does not match> (0x00000000eab0d7a8) thrown at [C:\re\workspace\8-2-build-windows-amd64-cygwin\jdk8u45\3627\hotspot\src\share\vm\prims\j

Events (10 events):
Event: 0.460 loading class com/android/dx/ssa/PhiInsn$Operand
Event: 0.460 loading class com/android/dx/ssa/PhiInsn$Operand done
Event: 0.466 loading class com/android/dx/ssa/back/FirstFitLocalCombiningAllocator$Multiset
Event: 0.466 loading class com/android/dx/ssa/back/FirstFitLocalCombiningAllocator$Multiset done
Event: 0.478 loading class com/android/dx/cf/code/SwitchList
Event: 0.478 loading class com/android/dx/cf/code/SwitchList done
Event: 0.651 Thread 0x0000000016643000 Uncommon trap: trap_request=0xffffff65 fr.pc=0x00000000027e49bc
Event: 0.651 Thread 0x0000000016643000 DEOPT PACKING pc=0x00000000027e49bc sp=0x0000000016dee650
Event: 0.651 Thread 0x0000000016643000 DEOPT UNPACKING pc=0x000000000260582a sp=0x0000000016dee5c8 mode 2
Event: 0.659 loading class java/util/DualPivotQuicksort


Dynamic libraries:
0x00007ff628ff0000 - 0x00007ff629027000 	C:\Program Files\Java\jdk1.8.0_45\bin\java.exe
0x00007ffa96240000 - 0x00007ffa963ed000 	C:\Windows\SYSTEM32\ntdll.dll
0x00007ffa931e0000 - 0x00007ffa9331a000 	C:\Windows\system32\KERNEL32.DLL
0x00007ffa85e90000 - 0x00007ffa85ee4000 	C:\Program Files (x86)\AVG\Av\avghooka.dll
0x00007ffa92310000 - 0x00007ffa92425000 	C:\Windows\system32\KERNELBASE.dll
0x00007ffa90b30000 - 0x00007ffa90bb8000 	C:\Windows\system32\apphelp.dll
0x00007ffa7d6f0000 - 0x00007ffa7d73f000 	C:\Windows\AppPatch\AppPatch64\AcGenral.DLL
0x00007ffa92e40000 - 0x00007ffa92ee7000 	C:\Windows\system32\msvcrt.dll
0x00007ffa92020000 - 0x00007ffa9204b000 	C:\Windows\SYSTEM32\SspiCli.dll
0x00007ffa937b0000 - 0x00007ffa93801000 	C:\Windows\system32\SHLWAPI.dll
0x00007ffa93570000 - 0x00007ffa936e1000 	C:\Windows\system32\USER32.dll
0x00007ffa933f0000 - 0x00007ffa93568000 	C:\Windows\system32\ole32.dll
0x00007ffa93ac0000 - 0x00007ffa94ed7000 	C:\Windows\system32\SHELL32.dll
0x00007ffa91800000 - 0x00007ffa9181f000 	C:\Windows\SYSTEM32\USERENV.dll
0x00007ffa92b40000 - 0x00007ffa92bea000 	C:\Windows\system32\ADVAPI32.dll
0x00007ffa83f40000 - 0x00007ffa83f5b000 	C:\Windows\SYSTEM32\MPR.dll
0x00007ffa930a0000 - 0x00007ffa931d6000 	C:\Windows\system32\RPCRT4.dll
0x00007ffa93a10000 - 0x00007ffa93a69000 	C:\Windows\SYSTEM32\sechost.dll
0x00007ffa92760000 - 0x00007ffa92971000 	C:\Windows\SYSTEM32\combase.dll
0x00007ffa92bf0000 - 0x00007ffa92d34000 	C:\Windows\system32\GDI32.dll
0x00007ffa92240000 - 0x00007ffa92254000 	C:\Windows\SYSTEM32\profapi.dll
0x00007ffa90c40000 - 0x00007ffa90cdf000 	C:\Windows\SYSTEM32\SHCORE.dll
0x00007ffa93a80000 - 0x00007ffa93ab4000 	C:\Windows\system32\IMM32.DLL
0x00007ffa929e0000 - 0x00007ffa92b31000 	C:\Windows\system32\MSCTF.dll
0x00007ffa901e0000 - 0x00007ffa9043a000 	C:\Windows\WinSxS\amd64_microsoft.windows.common-controls_6595b64144ccf1df_6.0.9600.17031_none_6242a4b3ecbb55a1\COMCTL32.dll
0x00000000601f0000 - 0x00000000602c2000 	C:\Program Files\Java\jdk1.8.0_45\jre\bin\msvcr100.dll
0x000000005f960000 - 0x00000000601e3000 	C:\Program Files\Java\jdk1.8.0_45\jre\bin\server\jvm.dll
0x00007ffa8a890000 - 0x00007ffa8a899000 	C:\Windows\SYSTEM32\WSOCK32.dll
0x00007ffa8a930000 - 0x00007ffa8a94f000 	C:\Windows\SYSTEM32\WINMM.dll
0x00007ffa8af60000 - 0x00007ffa8af6a000 	C:\Windows\SYSTEM32\VERSION.dll
0x00007ffa939f0000 - 0x00007ffa939f7000 	C:\Windows\system32\PSAPI.DLL
0x00007ffa92de0000 - 0x00007ffa92e38000 	C:\Windows\system32\WS2_32.dll
0x00007ffa8a900000 - 0x00007ffa8a92a000 	C:\Windows\SYSTEM32\WINMMBASE.dll
0x00007ffa93a00000 - 0x00007ffa93a09000 	C:\Windows\system32\NSI.dll
0x00007ffa92480000 - 0x00007ffa924ca000 	C:\Windows\SYSTEM32\cfgmgr32.dll
0x00007ffa910e0000 - 0x00007ffa91106000 	C:\Windows\SYSTEM32\DEVOBJ.dll
0x0000000061090000 - 0x000000006109f000 	C:\Program Files\Java\jdk1.8.0_45\jre\bin\verify.dll
0x000000005f930000 - 0x000000005f959000 	C:\Program Files\Java\jdk1.8.0_45\jre\bin\java.dll
0x000000005f910000 - 0x000000005f926000 	C:\Program Files\Java\jdk1.8.0_45\jre\bin\zip.dll

VM Arguments:
jvm_args: -Djava.awt.headless=true -Xmx1024M -Dfile.encoding=windows-1252 -Duser.country=US -Duser.language=en -Duser.variant 
java_command: com.android.dx.command.Main --dex --force-jumbo --num-threads=4 --multi-dex --output C:\Users\WarunaKavinda\AndroidStudioProjects\ParkingMate\app\build\intermediates\transforms\dex\debug\folders\1000\10\com.android.support-support-vector-drawable-23.2.0_dc86093c239991a8ad9aa829611cbab20ba509c0 C:\Users\WarunaKavinda\AndroidStudioProjects\ParkingMate\app\build\intermediates\exploded-aar\com.android.support\support-vector-drawable\23.2.0\jars\classes.jar
java_class_path (initial): C:\Users\WarunaKavinda\AppData\Local\Android\sdk1\build-tools\23.0.2\lib\dx.jar
Launcher Type: SUN_STANDARD

Environment Variables:
JAVA_HOME=C:\Program Files\Java\jdk1.8.0_45
PATH=C:\oraclexe\app\oracle\product\11.2.0\server\bin;;C:\ProgramData\Oracle\Java\javapath;C:\Program Files (x86)\Skype\Phone\;C:\Program Files\nodejs\;C:\Program Files (x86)\MySQL\MySQL Fabric 1.5 & MySQL Utilities 1.5\;C:\Program Files (x86)\MySQL\MySQL Fabric 1.5 & MySQL Utilities 1.5\Doctrine extensions for PHP\;C:\Program Files (x86)\Windows Live\Shared;C:\Program Files (x86)\Windows Kits\8.1\Windows Performance Toolkit\;C:\Program Files\Microsoft SQL Server\110\Tools\Binn\;C:\Program Files\Java\jdk1.8.0_45\bin;C:\Users\WarunaKavinda\AppData\Roaming\npm
USERNAME=WarunaKavinda
OS=Windows_NT
PROCESSOR_IDENTIFIER=Intel64 Family 6 Model 58 Stepping 9, GenuineIntel



---------------  S Y S T E M  ---------------

OS: Windows 8.1 , 64 bit Build 9600 (6.3.9600.17031)

CPU:total 4 (2 cores per cpu, 2 threads per core) family 6 model 58 stepping 9, cmov, cx8, fxsr, mmx, sse, sse2, sse3, ssse3, sse4.1, sse4.2, popcnt, avx, aes, clmul, erms, ht, tsc, tscinvbit, tscinv

Memory: 4k page, physical 4028776k(214256k free), swap 7174504k(3864k free)

vm_info: Java HotSpot(TM) 64-Bit Server VM (25.45-b02) for windows-amd64 JRE (1.8.0_45-b15), built on Apr 30 2015 12:40:44 by "java_re" with MS VC++ 10.0 (VS2010)

time: Sun Dec 18 16:31:58 2016
elapsed time: 0 seconds (0d 0h 0m 0s)

