#
# A fatal error has been detected by the Java Runtime Environment:
#
#  EXCEPTION_STACK_OVERFLOW (0xc00000fd) at pc=0x000000005fb6ffb7, pid=13540, tid=13916
#
# JRE version: Java(TM) SE Runtime Environment (8.0_45-b15) (build 1.8.0_45-b15)
# Java VM: Java HotSpot(TM) 64-Bit Server VM (25.45-b02 mixed mode windows-amd64 compressed oops)
# Problematic frame:
# V  [jvm.dll+0x20ffb7]
#
# Failed to write core dump. Minidumps are not enabled by default on client versions of Windows
#
# If you would like to submit a bug report, please visit:
#   http://bugreport.java.com/bugreport/crash.jsp
#

---------------  T H R E A D  ---------------

Current thread (0x000000001671a000):  JavaThread "pool-2-thread-2" [_thread_in_vm, id=13916, stack(0x0000000016d20000,0x0000000016e20000)]

siginfo: ExceptionCode=0xc00000fd, ExceptionInformation=0x0000000000000001 0x0000000016e1d370 

Registers:
RAX=0x0000000016e1d370, RBX=0x0000000000000003, RCX=0x0000000000002000, RDX=0x0000000000000006
RSP=0x0000000016e1f370, RBP=0x0000000000000000, RSI=0x0000000016e1f370, RDI=0x0000000000000003
R8 =0x0000000000000006, R9 =0x000000001670f7a0, R10=0x000000001434d358, R11=0x0000000016d2a148
R12=0x000000001670f7a0, R13=0x000000001671a000, R14=0x0000000016e1f438, R15=0x000000001434d358
RIP=0x000000005fb6ffb7, EFLAGS=0x0000000000010202

Top of Stack: (sp=0x0000000016e1f370)
0x0000000016e1f370:   0000000016606cd0 0000000060244e7e
0x0000000016e1f380:   000000001671a000 000000001670f7a0
0x0000000016e1f390:   00000000ffffffff 000000005fb70ee7
0x0000000016e1f3a0:   0000000016e1f4a0 000000001434d358
0x0000000016e1f3b0:   000000001671a000 000000005fa1ea13
0x0000000016e1f3c0:   0000000016e1f400 000000001671a000
0x0000000016e1f3d0:   0000000016e1f490 000000001671a000
0x0000000016e1f3e0:   000000001434d358 000000001671a000
0x0000000016e1f3f0:   00000000026010e0 000000001671a000
0x0000000016e1f400:   000000001434d358 000000001671a000
0x0000000016e1f410:   000000001434d358 000000001671a000
0x0000000016e1f420:   0000000000000001 000000001434d358
0x0000000016e1f430:   000000001671a000 00000000165234c0
0x0000000016e1f440:   000000001671a000 000000005fa1fefd
0x0000000016e1f450:   0000000016e1f758 00000001000069a0
0x0000000016e1f460:   00000001000069a0 00007ffa9625c0f4 

Instructions: (pc=0x000000005fb6ffb7)
0x000000005fb6ff97:   48 89 6c 24 30 33 ed 66 90 e8 4b 35 08 00 ff c3
0x000000005fb6ffa7:   48 63 c8 48 8b c6 48 0f af cf 48 ff c7 48 2b c1
0x000000005fb6ffb7:   89 28 48 63 c3 48 3b 05 4d 66 58 00 7e db 48 8b
0x000000005fb6ffc7:   6c 24 30 48 8b 5c 24 38 48 8b 74 24 40 48 83 c4 


Register to memory mapping:

RAX=0x0000000016e1d370 is pointing into the stack for thread: 0x000000001671a000
RBX=0x0000000000000003 is an unknown value
RCX=0x0000000000002000 is an unknown value
RDX=0x0000000000000006 is an unknown value
RSP=0x0000000016e1f370 is pointing into the stack for thread: 0x000000001671a000
RBP=0x0000000000000000 is an unknown value
RSI=0x0000000016e1f370 is pointing into the stack for thread: 0x000000001671a000
RDI=0x0000000000000003 is an unknown value
R8 =0x0000000000000006 is an unknown value
R9 =0x000000001670f7a0 is an unknown value
R10={method} {0x000000001434d360} 'run' '()V' in 'java/lang/Thread'
R11=0x0000000016d2a148 is pointing into the stack for thread: 0x000000001671a000
R12=0x000000001670f7a0 is an unknown value
R13=0x000000001671a000 is a thread
R14=0x0000000016e1f438 is pointing into the stack for thread: 0x000000001671a000
R15={method} {0x000000001434d360} 'run' '()V' in 'java/lang/Thread'


Stack: [0x0000000016d20000,0x0000000016e20000],  sp=0x0000000016e1f370,  free space=1020k
