#
# There is insufficient memory for the Java Runtime Environment to continue.
# Native memory allocation (malloc) failed to allocate 32744 bytes for ChunkPool::allocate
# Possible reasons:
#   The system is out of physical RAM or swap space
#   In 32 bit mode, the process size limit was hit
# Possible solutions:
#   Reduce memory load on the system
#   Increase physical memory or swap space
#   Check if swap backing store is full
#   Use 64 bit Java on a 64 bit OS
#   Decrease Java heap size (-Xmx/-Xms)
#   Decrease number of Java threads
#   Decrease Java thread stack sizes (-Xss)
#   Set larger code cache with -XX:ReservedCodeCacheSize=
# This output file may be truncated or incomplete.
#
#  Out of Memory Error (allocation.cpp:273), pid=11616, tid=9596
#
# JRE version: Java(TM) SE Runtime Environment (8.0_45-b15) (build 1.8.0_45-b15)
# Java VM: Java HotSpot(TM) 64-Bit Server VM (25.45-b02 mixed mode windows-amd64 compressed oops)
# Failed to write core dump. Minidumps are not enabled by default on client versions of Windows
#

---------------  T H R E A D  ---------------

Current thread (0x0000000014668000):  JavaThread "C1 CompilerThread2" daemon [_thread_in_native, id=9596, stack(0x0000000015dc0000,0x0000000015ec0000)]

Stack: [0x0000000015dc0000,0x0000000015ec0000]
Native frames: (J=compiled Java code, j=interpreted, Vv=VM code, C=native code)
V  [jvm.dll+0x32b57a]
V  [jvm.dll+0x279873]
V  [jvm.dll+0x27a509]
V  [jvm.dll+0x271825]
V  [jvm.dll+0xcb804]
V  [jvm.dll+0xcba27]
V  [jvm.dll+0xcbeac]
V  [jvm.dll+0x40c432]
V  [jvm.dll+0x412548]
V  [jvm.dll+0x414500]
V  [jvm.dll+0x417530]
V  [jvm.dll+0x417af8]
V  [jvm.dll+0x4137cf]
V  [jvm.dll+0x4161b7]
V  [jvm.dll+0x416aad]
V  [jvm.dll+0x416ea2]
V  [jvm.dll+0x41bf95]
V  [jvm.dll+0x41c0a0]
V  [jvm.dll+0x405f48]
V  [jvm.dll+0x4061b1]
V  [jvm.dll+0x406372]
V  [jvm.dll+0x406541]
V  [jvm.dll+0x40674f]
V  [jvm.dll+0xa4352]
V  [jvm.dll+0xa4c8f]
V  [jvm.dll+0x241984]
V  [jvm.dll+0x29853a]
C  [msvcr100.dll+0x21d9f]
C  [msvcr100.dll+0x21e3b]
C  [KERNEL32.DLL+0x168d]
C  [ntdll.dll+0x154e4]


Current CompileTask:
C1:   3167  614   !   3       com.android.dx.cf.code.RopperMachine::run (1550 bytes)


---------------  P R O C E S S  ---------------

Java Threads: ( => current thread )
  0x0000000016028800 JavaThread "pool-1-thread-1" [_thread_in_native, id=13076, stack(0x00000000164c0000,0x00000000165c0000)]
  0x0000000015ee8800 JavaThread "Service Thread" daemon [_thread_blocked, id=6972, stack(0x00000000162c0000,0x00000000163c0000)]
=>0x0000000014668000 JavaThread "C1 CompilerThread2" daemon [_thread_in_native, id=9596, stack(0x0000000015dc0000,0x0000000015ec0000)]
  0x0000000014664800 JavaThread "C2 CompilerThread1" daemon [_thread_in_native, id=12140, stack(0x0000000015cc0000,0x0000000015dc0000)]
  0x000000001465d000 JavaThread "C2 CompilerThread0" daemon [_thread_in_native, id=11900, stack(0x0000000015bc0000,0x0000000015cc0000)]
  0x000000001465a000 JavaThread "Attach Listener" daemon [_thread_blocked, id=16980, stack(0x0000000015ac0000,0x0000000015bc0000)]
  0x0000000014658800 JavaThread "Signal Dispatcher" daemon [_thread_blocked, id=9188, stack(0x00000000159c0000,0x0000000015ac0000)]
  0x0000000001ee2000 JavaThread "Finalizer" daemon [_thread_blocked, id=10860, stack(0x00000000158c0000,0x00000000159c0000)]
  0x0000000001edf000 JavaThread "Reference Handler" daemon [_thread_blocked, id=14016, stack(0x00000000157c0000,0x00000000158c0000)]
  0x0000000001df2800 JavaThread "main" [_thread_blocked, id=16940, stack(0x00000000005a0000,0x00000000006a0000)]

Other Threads:
  0x0000000014627000 VMThread [stack: 0x00000000156c0000,0x00000000157c0000] [id=14260]
  0x00000000146bd800 WatcherThread [stack: 0x00000000163c0000,0x00000000164c0000] [id=12180]

VM state:not at safepoint (normal execution)

VM Mutex/Monitor currently owned by a thread: None

Heap:
 PSYoungGen      total 18432K, used 5391K [0x00000000eab00000, 0x00000000ebf80000, 0x0000000100000000)
  eden space 15872K, 17% used [0x00000000eab00000,0x00000000eadc9cd0,0x00000000eba80000)
  from space 2560K, 99% used [0x00000000eba80000,0x00000000ebcf9fa0,0x00000000ebd00000)
  to   space 2560K, 0% used [0x00000000ebd00000,0x00000000ebd00000,0x00000000ebf80000)
 ParOldGen       total 42496K, used 1316K [0x00000000c0000000, 0x00000000c2980000, 0x00000000eab00000)
  object space 42496K, 3% used [0x00000000c0000000,0x00000000c01491c0,0x00000000c2980000)
 Metaspace       used 5979K, capacity 6872K, committed 7168K, reserved 1056768K
  class space    used 631K, capacity 656K, committed 768K, reserved 1048576K

Card table byte_map: [0x0000000011350000,0x0000000011560000] byte_map_base: 0x0000000010d50000

Marking Bits: (ParMarkBitMap*) 0x0000000060164040
 Begin Bits: [0x0000000011ac0000, 0x0000000012ac0000)
 End Bits:   [0x0000000012ac0000, 0x0000000013ac0000)

Polling page: 0x0000000000420000

CodeCache: size=245760Kb used=2318Kb max_used=2326Kb free=243441Kb
 bounds [0x0000000001f90000, 0x0000000002200000, 0x0000000010f90000]
 total_blobs=894 nmethods=618 adapters=189
 compilation: enabled

Compilation events (10 events):
Event: 1.592 Thread 0x000000001465d000  631       4       com.android.dx.ssa.NormalSsaInsn::accept (25 bytes)
Event: 1.592 Thread 0x0000000014668000 nmethod 615 0x00000000021cb090 code [0x00000000021cb6a0, 0x00000000021d0038]
Event: 1.592 Thread 0x0000000014668000  621   !   3       com.android.dx.rop.code.BasicBlock::<init> (273 bytes)
Event: 1.594 Thread 0x0000000014664800  633       4       java.util.BitSet::set (58 bytes)
Event: 1.595 Thread 0x0000000014668000 nmethod 621 0x00000000021d3650 code [0x00000000021d3ac0, 0x00000000021d6738]
Event: 1.595 Thread 0x0000000014668000  632       3       java.util.BitSet::or (105 bytes)
Event: 1.596 Thread 0x0000000014668000 nmethod 632 0x00000000021ca710 code [0x00000000021ca8c0, 0x00000000021cae08]
Event: 1.596 Thread 0x0000000014668000  614   !   3       com.android.dx.cf.code.RopperMachine::run (1550 bytes)
Event: 1.596 Thread 0x0000000014664800 nmethod 633 0x00000000021c36d0 code [0x00000000021c3820, 0x00000000021c39a8]
Event: 1.599 Thread 0x0000000014664800  636       4       com.android.dx.util.Bits::clear (21 bytes)

GC Heap History (0 events):
No events

Deoptimization events (0 events):
No events

Internal exceptions (2 events):
Event: 0.196 Thread 0x0000000001df2800 Exception <a 'java/lang/NoSuchMethodError': Method sun.misc.Unsafe.defineClass(Ljava/lang/String;[BII)Ljava/lang/Class; name or signature does not match> (0x00000000eab0d520) thrown at [C:\re\workspace\8-2-build-windows-amd64-cygwin\jdk8u45\3627\hotspot\srí†h°‡É?
Event: 0.196 Thread 0x0000000001df2800 Exception <a 'java/lang/NoSuchMethodError': Method sun.misc.Unsafe.prefetchRead(Ljava/lang/Object;J)V name or signature does not match> (0x00000000eab0d7b0) thrown at [C:\re\workspace\8-2-build-windows-amd64-cygwin\jdk8u45\3627\hotspot\src\share\vm\prims\j

Events (10 events):
Event: 1.200 loading class java/util/TreeMap$EntrySet
Event: 1.554 loading class java/util/TreeMap$EntrySet done
Event: 1.554 loading class java/util/TreeMap$EntryIterator
Event: 1.554 loading class java/util/TreeMap$EntryIterator done
Event: 1.554 loading class com/android/dx/ssa/back/FirstFitLocalCombiningAllocator$Multiset
Event: 1.554 loading class com/android/dx/ssa/back/FirstFitLocalCombiningAllocator$Multiset done
Event: 1.581 loading class com/android/dx/cf/code/SwitchList
Event: 1.581 loading class com/android/dx/cf/code/SwitchList done
Event: 1.598 loading class java/util/DualPivotQuicksort
Event: 1.599 loading class java/util/DualPivotQuicksort done


Dynamic libraries:
0x00007ff628ff0000 - 0x00007ff629027000 	C:\Program Files\Java\jdk1.8.0_45\bin\java.exe
0x00007ffa96240000 - 0x00007ffa963ed000 	C:\Windows\SYSTEM32\ntdll.dll
0x00007ffa931e0000 - 0x00007ffa9331a000 	C:\Windows\system32\KERNEL32.DLL
0x00007ffa85e90000 - 0x00007ffa85ee4000 	C:\Program Files (x86)\AVG\Av\avghooka.dll
0x00007ffa92310000 - 0x00007ffa92425000 	C:\Windows\system32\KERNELBASE.dll
0x00007ffa90b30000 - 0x00007ffa90bb8000 	C:\Windows\system32\apphelp.dll
0x00007ffa7d6f0000 - 0x00007ffa7d73f000 	C:\Windows\AppPatch\AppPatch64\AcGenral.DLL
0x00007ffa92e40000 - 0x00007ffa92ee7000 	C:\Windows\system32\msvcrt.dll
0x00007ffa92020000 - 0x00007ffa9204b000 	C:\Windows\SYSTEM32\SspiCli.dll
0x00007ffa937b0000 - 0x00007ffa93801000 	C:\Windows\system32\SHLWAPI.dll
0x00007ffa93570000 - 0x00007ffa936e1000 	C:\Windows\system32\USER32.dll
0x00007ffa933f0000 - 0x00007ffa93568000 	C:\Windows\system32\ole32.dll
0x00007ffa93ac0000 - 0x00007ffa94ed7000 	C:\Windows\system32\SHELL32.dll
0x00007ffa91800000 - 0x00007ffa9181f000 	C:\Windows\SYSTEM32\USERENV.dll
0x00007ffa92b40000 - 0x00007ffa92bea000 	C:\Windows\system32\ADVAPI32.dll
0x00007ffa83f40000 - 0x00007ffa83f5b000 	C:\Windows\SYSTEM32\MPR.dll
0x00007ffa930a0000 - 0x00007ffa931d6000 	C:\Windows\system32\RPCRT4.dll
0x00007ffa93a10000 - 0x00007ffa93a69000 	C:\Windows\SYSTEM32\sechost.dll
0x00007ffa92760000 - 0x00007ffa92971000 	C:\Windows\SYSTEM32\combase.dll
0x00007ffa92bf0000 - 0x00007ffa92d34000 	C:\Windows\system32\GDI32.dll
0x00007ffa92240000 - 0x00007ffa92254000 	C:\Windows\SYSTEM32\profapi.dll
0x00007ffa90c40000 - 0x00007ffa90cdf000 	C:\Windows\SYSTEM32\SHCORE.dll
0x00007ffa93a80000 - 0x00007ffa93ab4000 	C:\Windows\system32\IMM32.DLL
0x00007ffa929e0000 - 0x00007ffa92b31000 	C:\Windows\system32\MSCTF.dll
0x00007ffa901e0000 - 0x00007ffa9043a000 	C:\Windows\WinSxS\amd64_microsoft.windows.common-controls_6595b64144ccf1df_6.0.9600.17031_none_6242a4b3ecbb55a1\COMCTL32.dll
0x00000000601f0000 - 0x00000000602c2000 	C:\Program Files\Java\jdk1.8.0_45\jre\bin\msvcr100.dll
0x000000005f960000 - 0x00000000601e3000 	C:\Program Files\Java\jdk1.8.0_45\jre\bin\server\jvm.dll
0x00007ffa8a890000 - 0x00007ffa8a899000 	C:\Windows\SYSTEM32\WSOCK32.dll
0x00007ffa8a930000 - 0x00007ffa8a94f000 	C:\Windows\SYSTEM32\WINMM.dll
0x00007ffa8af60000 - 0x00007ffa8af6a000 	C:\Windows\SYSTEM32\VERSION.dll
0x00007ffa939f0000 - 0x00007ffa939f7000 	C:\Windows\system32\PSAPI.DLL
0x00007ffa92de0000 - 0x00007ffa92e38000 	C:\Windows\system32\WS2_32.dll
0x00007ffa8a900000 - 0x00007ffa8a92a000 	C:\Windows\SYSTEM32\WINMMBASE.dll
0x00007ffa93a00000 - 0x00007ffa93a09000 	C:\Windows\system32\NSI.dll
0x00007ffa92480000 - 0x00007ffa924ca000 	C:\Windows\SYSTEM32\cfgmgr32.dll
0x00007ffa910e0000 - 0x00007ffa91106000 	C:\Windows\SYSTEM32\DEVOBJ.dll
0x0000000061090000 - 0x000000006109f000 	C:\Program Files\Java\jdk1.8.0_45\jre\bin\verify.dll
0x000000005f930000 - 0x000000005f959000 	C:\Program Files\Java\jdk1.8.0_45\jre\bin\java.dll
0x000000005f910000 - 0x000000005f926000 	C:\Program Files\Java\jdk1.8.0_45\jre\bin\zip.dll
0x00007ffa86ce0000 - 0x00007ffa86e68000 	C:\Windows\SYSTEM32\dbghelp.dll

VM Arguments:
jvm_args: -Djava.awt.headless=true -Xmx1024M -Dfile.encoding=windows-1252 -Duser.country=US -Duser.language=en -Duser.variant 
java_command: com.android.dx.command.Main --dex --force-jumbo --num-threads=4 --multi-dex --output C:\Users\WarunaKavinda\AndroidStudioProjects\ParkingMate\app\build\intermediates\transforms\dex\debug\folders\1000\10\com.google.android.gms-play-services-identity-8.4.0_4d39255477ad922627c3503387ad33571f400b79 C:\Users\WarunaKavinda\AndroidStudioProjects\ParkingMate\app\build\intermediates\exploded-aar\com.google.android.gms\play-services-identity\8.4.0\jars\classes.jar
java_class_path (initial): C:\Users\WarunaKavinda\AppData\Local\Android\sdk1\build-tools\23.0.2\lib\dx.jar
Launcher Type: SUN_STANDARD

Environment Variables:
JAVA_HOME=C:\Program Files\Java\jdk1.8.0_45
PATH=C:\oraclexe\app\oracle\product\11.2.0\server\bin;;C:\ProgramData\Oracle\Java\javapath;C:\Program Files (x86)\Skype\Phone\;C:\Program Files\nodejs\;C:\Program Files (x86)\MySQL\MySQL Fabric 1.5 & MySQL Utilities 1.5\;C:\Program Files (x86)\MySQL\MySQL Fabric 1.5 & MySQL Utilities 1.5\Doctrine extensions for PHP\;C:\Program Files (x86)\Windows Live\Shared;C:\Program Files (x86)\Windows Kits\8.1\Windows Performance Toolkit\;C:\Program Files\Microsoft SQL Server\110\Tools\Binn\;C:\Program Files\Java\jdk1.8.0_45\bin;C:\Users\WarunaKavinda\AppData\Roaming\npm
USERNAME=WarunaKavinda
OS=Windows_NT
PROCESSOR_IDENTIFIER=Intel64 Family 6 Model 58 Stepping 9, GenuineIntel



---------------  S Y S T E M  ---------------

OS: Windows 8.1 , 64 bit Build 9600 (6.3.9600.17031)

CPU:total 4 (2 cores per cpu, 2 threads per core) family 6 model 58 stepping 9, cmov, cx8, fxsr, mmx, sse, sse2, sse3, ssse3, sse4.1, sse4.2, popcnt, avx, aes, clmul, erms, ht, tsc, tscinvbit, tscinv

Memory: 4k page, physical 4028776k(342192k free), swap 7174504k(262560k free)

vm_info: Java HotSpot(TM) 64-Bit Server VM (25.45-b02) for windows-amd64 JRE (1.8.0_45-b15), built on Apr 30 2015 12:40:44 by "java_re" with MS VC++ 10.0 (VS2010)

time: Sun Dec 18 16:31:20 2016
elapsed time: 3 seconds (0d 0h 0m 3s)

