#
# There is insufficient memory for the Java Runtime Environment to continue.
# Native memory allocation (malloc) failed to allocate 32744 bytes for ChunkPool::allocate
# Possible reasons:
#   The system is out of physical RAM or swap space
#   In 32 bit mode, the process size limit was hit
# Possible solutions:
#   Reduce memory load on the system
#   Increase physical memory or swap space
#   Check if swap backing store is full
#   Use 64 bit Java on a 64 bit OS
#   Decrease Java heap size (-Xmx/-Xms)
#   Decrease number of Java threads
#   Decrease Java thread stack sizes (-Xss)
#   Set larger code cache with -XX:ReservedCodeCacheSize=
# This output file may be truncated or incomplete.
#
#  Out of Memory Error (allocation.cpp:273), pid=10660, tid=5780
#
# JRE version: Java(TM) SE Runtime Environment (8.0_45-b15) (build 1.8.0_45-b15)
# Java VM: Java HotSpot(TM) 64-Bit Server VM (25.45-b02 mixed mode windows-amd64 compressed oops)
# Failed to write core dump. Minidumps are not enabled by default on client versions of Windows
#

---------------  T H R E A D  ---------------

Current thread (0x0000000014b37000):  JavaThread "C1 CompilerThread2" daemon [_thread_in_native, id=5780, stack(0x0000000016290000,0x0000000016390000)]

Stack: [0x0000000016290000,0x0000000016390000]
Native frames: (J=compiled Java code, j=interpreted, Vv=VM code, C=native code)
V  [jvm.dll+0x32b57a]


Current CompileTask:
C1:    467  632   !   3      
[error occurred during error reporting (printing current compile task), id 0xe0000001]


---------------  P R O C E S S  ---------------

Java Threads: ( => current thread )
  0x000000001669b800 JavaThread "pool-2-thread-4" [_thread_blocked, id=13928, stack(0x0000000016d90000,0x0000000016e90000)]
  0x000000001669b000 JavaThread "pool-2-thread-3" [_thread_blocked, id=16808, stack(0x0000000016c90000,0x0000000016d90000)]
  0x0000000016660800 JavaThread "pool-2-thread-2" [_thread_in_vm, id=13604, stack(0x0000000016b90000,0x0000000016c90000)]
  0x00000000166b6800 JavaThread "pool-3-thread-1" [_thread_blocked, id=10300, stack(0x0000000016a90000,0x0000000016b90000)]
  0x000000001677d000 JavaThread "pool-2-thread-1" [_thread_blocked, id=9740, stack(0x0000000016990000,0x0000000016a90000)]
  0x0000000014b8d800 JavaThread "Service Thread" daemon [_thread_blocked, id=16824, stack(0x0000000016790000,0x0000000016890000)]
=>0x0000000014b37000 JavaThread "C1 CompilerThread2" daemon [_thread_in_native, id=5780, stack(0x0000000016290000,0x0000000016390000)]
  0x0000000014b33800 JavaThread "C2 CompilerThread1" daemon [_thread_in_native, id=15324, stack(0x0000000016190000,0x0000000016290000)]
  0x0000000014b2e000 JavaThread "C2 CompilerThread0" daemon [_thread_in_native, id=11980, stack(0x0000000016090000,0x0000000016190000)]
  0x0000000014b2b800 JavaThread "Attach Listener" daemon [_thread_blocked, id=9204, stack(0x0000000015f90000,0x0000000016090000)]
  0x0000000014b2a800 JavaThread "Signal Dispatcher" daemon [_thread_blocked, id=5364, stack(0x0000000015e90000,0x0000000015f90000)]
  0x0000000014af8800 JavaThread "Finalizer" daemon [_thread_blocked, id=12728, stack(0x0000000015d90000,0x0000000015e90000)]
  0x0000000002451800 JavaThread "Reference Handler" daemon [_thread_blocked, id=11164, stack(0x0000000015c90000,0x0000000015d90000)]
  0x0000000002362800 JavaThread "main" [_thread_blocked, id=1520, stack(0x00000000021f0000,0x00000000022f0000)]

Other Threads:
  0x0000000014af7000 VMThread [stack: 0x0000000015b90000,0x0000000015c90000] [id=7912]
  0x00000000163ba800 WatcherThread [stack: 0x0000000016890000,0x0000000016990000] [id=16484]

VM state:not at safepoint (normal execution)

VM Mutex/Monitor currently owned by a thread:  ([mutex/lock_event])
[0x0000000002361d50] MethodData_lock - owner thread: 0x0000000016660800

Heap:
 PSYoungGen      total 18432K, used 3634K [0x00000000eab00000, 0x00000000ebf80000, 0x0000000100000000)
  eden space 15872K, 6% used [0x00000000eab00000,0x00000000eac0f8e0,0x00000000eba80000)
  from space 2560K, 99% used [0x00000000eba80000,0x00000000ebcfd2e0,0x00000000ebd00000)
  to   space 2560K, 0% used [0x00000000ebd00000,0x00000000ebd00000,0x00000000ebf80000)
 ParOldGen       total 42496K, used 973K [0x00000000c0000000, 0x00000000c2980000, 0x00000000eab00000)
  object space 42496K, 2% used [0x00000000c0000000,0x00000000c00f36a8,0x00000000c2980000)
 Metaspace       used 5497K, capacity 6512K, committed 6784K, reserved 1056768K
  class space    used 582K, capacity 616K, committed 640K, reserved 1048576K

Card table byte_map: [0x0000000011820000,0x0000000011a30000] byte_map_base: 0x0000000011220000

Marking Bits: (ParMarkBitMap*) 0x0000000060164040
 Begin Bits: [0x0000000011f90000, 0x0000000012f90000)
 End Bits:   [0x0000000012f90000, 0x0000000013f90000)

Polling page: 0x00000000009f0000

CodeCache: size=245760Kb used=2412Kb max_used=2423Kb free=243348Kb
 bounds [0x0000000002460000, 0x00000000026d0000, 0x0000000011460000]
 total_blobs=900 nmethods=631 adapters=182
 compilation: enabled

Compilation events (10 events):
Event: 0.442 Thread 0x0000000014b2e000 nmethod 642 0x00000000026abf10 code [0x00000000026ac040, 0x00000000026ac0b8]
Event: 0.442 Thread 0x0000000014b2e000  627       4       com.android.dx.util.Bits::clear (21 bytes)
Event: 0.443 Thread 0x0000000014b33800 nmethod 633 0x00000000026aff10 code [0x00000000026b0040, 0x00000000026b00f8]
Event: 0.443 Thread 0x0000000014b2e000 nmethod 627 0x00000000026bcb10 code [0x00000000026bcc40, 0x00000000026bccd8]
Event: 0.443 Thread 0x0000000014b33800  644       4       com.android.dx.util.IntList::add (65 bytes)
Event: 0.444 Thread 0x0000000014b2e000  646       4       java.util.BitSet::set (58 bytes)
Event: 0.446 Thread 0x0000000014b2e000 nmethod 646 0x00000000026b1550 code [0x00000000026b16a0, 0x00000000026b1828]
Event: 0.446 Thread 0x0000000014b2e000  647       4       com.android.dx.ssa.NormalSsaInsn::accept (25 bytes)
Event: 0.447 Thread 0x0000000014b33800 nmethod 644 0x00000000026b0e90 code [0x00000000026b0fe0, 0x00000000026b1358]
Event: 0.448 Thread 0x0000000014b2e000 nmethod 647 0x00000000026b0a90 code [0x00000000026b0be0, 0x00000000026b0ce8]

GC Heap History (2 events):
Event: 0.436 GC heap before
{Heap before GC invocations=1 (full 0):
 PSYoungGen      total 18432K, used 15872K [0x00000000eab00000, 0x00000000ebf80000, 0x0000000100000000)
  eden space 15872K, 100% used [0x00000000eab00000,0x00000000eba80000,0x00000000eba80000)
  from space 2560K, 0% used [0x00000000ebd00000,0x00000000ebd00000,0x00000000ebf80000)
  to   space 2560K, 0% used [0x00000000eba80000,0x00000000eba80000,0x00000000ebd00000)
 ParOldGen       total 42496K, used 0K [0x00000000c0000000, 0x00000000c2980000, 0x00000000eab00000)
  object space 42496K, 0% used [0x00000000c0000000,0x00000000c0000000,0x00000000c2980000)
 Metaspace       used 5472K, capacity 6512K, committed 6784K, reserved 1056768K
  class space    used 582K, capacity 616K, committed 640K, reserved 1048576K
Event: 0.442 GC heap after
Heap after GC invocations=1 (full 0):
 PSYoungGen      total 18432K, used 2548K [0x00000000eab00000, 0x00000000ebf80000, 0x0000000100000000)
  eden space 15872K, 0% used [0x00000000eab00000,0x00000000eab00000,0x00000000eba80000)
  from space 2560K, 99% used [0x00000000eba80000,0x00000000ebcfd2e0,0x00000000ebd00000)
  to   space 2560K, 0% used [0x00000000ebd00000,0x00000000ebd00000,0x00000000ebf80000)
 ParOldGen       total 42496K, used 973K [0x00000000c0000000, 0x00000000c2980000, 0x00000000eab00000)
  object space 42496K, 2% used [0x00000000c0000000,0x00000000c00f36a8,0x00000000c2980000)
 Metaspace       used 5472K, capacity 6512K, committed 6784K, reserved 1056768K
  class space    used 582K, capacity 616K, committed 640K, reserved 1048576K
}

Deoptimization events (0 events):
No events

Internal exceptions (2 events):
Event: 0.034 Thread 0x0000000002362800 Exception <a 'java/lang/NoSuchMethodError': Method sun.misc.Unsafe.defineClass(Ljava/lang/String;[BII)Ljava/lang/Class; name or signature does not match> (0x00000000eab0d510) thrown at [C:\re\workspace\8-2-build-windows-amd64-cygwin\jdk8u45\3627\hotspot\sré±L‰ﬁ^°?
Event: 0.034 Thread 0x0000000002362800 Exception <a 'java/lang/NoSuchMethodError': Method sun.misc.Unsafe.prefetchRead(Ljava/lang/Object;J)V name or signature does not match> (0x00000000eab0d7a0) thrown at [C:\re\workspace\8-2-build-windows-amd64-cygwin\jdk8u45\3627\hotspot\src\share\vm\prims\j

Events (10 events):
Event: 0.388 loading class java/util/HashMap$ValueIterator
Event: 0.388 loading class java/util/HashMap$ValueIterator done
Event: 0.389 loading class com/android/dx/ssa/PhiInsn$Operand
Event: 0.389 loading class com/android/dx/ssa/PhiInsn$Operand done
Event: 0.391 loading class com/android/dx/ssa/back/FirstFitLocalCombiningAllocator$Multiset
Event: 0.391 loading class com/android/dx/ssa/back/FirstFitLocalCombiningAllocator$Multiset done
Event: 0.411 loading class com/android/dx/dex/file/MethodAnnotationStruct
Event: 0.411 loading class com/android/dx/dex/file/MethodAnnotationStruct done
Event: 0.436 Executing VM operation: ParallelGCFailedAllocation
Event: 0.442 Executing VM operation: ParallelGCFailedAllocation done


Dynamic libraries:
0x00007ff628ff0000 - 0x00007ff629027000 	C:\Program Files\Java\jdk1.8.0_45\bin\java.exe
0x00007ffa96240000 - 0x00007ffa963ed000 	C:\Windows\SYSTEM32\ntdll.dll
0x00007ffa931e0000 - 0x00007ffa9331a000 	C:\Windows\system32\KERNEL32.DLL
0x00007ffa85e90000 - 0x00007ffa85ee4000 	C:\Program Files (x86)\AVG\Av\avghooka.dll
0x00007ffa92310000 - 0x00007ffa92425000 	C:\Windows\system32\KERNELBASE.dll
0x00007ffa90b30000 - 0x00007ffa90bb8000 	C:\Windows\system32\apphelp.dll
0x00007ffa7d6f0000 - 0x00007ffa7d73f000 	C:\Windows\AppPatch\AppPatch64\AcGenral.DLL
0x00007ffa92e40000 - 0x00007ffa92ee7000 	C:\Windows\system32\msvcrt.dll
0x00007ffa92020000 - 0x00007ffa9204b000 	C:\Windows\SYSTEM32\SspiCli.dll
0x00007ffa937b0000 - 0x00007ffa93801000 	C:\Windows\system32\SHLWAPI.dll
0x00007ffa93570000 - 0x00007ffa936e1000 	C:\Windows\system32\USER32.dll
0x00007ffa933f0000 - 0x00007ffa93568000 	C:\Windows\system32\ole32.dll
0x00007ffa93ac0000 - 0x00007ffa94ed7000 	C:\Windows\system32\SHELL32.dll
0x00007ffa91800000 - 0x00007ffa9181f000 	C:\Windows\SYSTEM32\USERENV.dll
0x00007ffa92b40000 - 0x00007ffa92bea000 	C:\Windows\system32\ADVAPI32.dll
0x00007ffa83f40000 - 0x00007ffa83f5b000 	C:\Windows\SYSTEM32\MPR.dll
0x00007ffa930a0000 - 0x00007ffa931d6000 	C:\Windows\system32\RPCRT4.dll
0x00007ffa93a10000 - 0x00007ffa93a69000 	C:\Windows\SYSTEM32\sechost.dll
0x00007ffa92760000 - 0x00007ffa92971000 	C:\Windows\SYSTEM32\combase.dll
0x00007ffa92bf0000 - 0x00007ffa92d34000 	C:\Windows\system32\GDI32.dll
0x00007ffa92240000 - 0x00007ffa92254000 	C:\Windows\SYSTEM32\profapi.dll
0x00007ffa640d0000 - 0x00007ffa6454f000 	C:\Windows\AppPatch\AppPatch64\AcLayers.DLL
0x00007ffa87d70000 - 0x00007ffa87d73000 	C:\Windows\SYSTEM32\sfc.dll
0x00007ffa86450000 - 0x00007ffa864cb000 	C:\Windows\SYSTEM32\WINSPOOL.DRV
0x00007ffa87d60000 - 0x00007ffa87d70000 	C:\Windows\SYSTEM32\sfc_os.DLL
0x00007ffa90c40000 - 0x00007ffa90cdf000 	C:\Windows\SYSTEM32\SHCORE.dll
0x00007ffa93a80000 - 0x00007ffa93ab4000 	C:\Windows\system32\IMM32.DLL
0x00007ffa929e0000 - 0x00007ffa92b31000 	C:\Windows\system32\MSCTF.dll
0x00007ffa901e0000 - 0x00007ffa9043a000 	C:\Windows\WinSxS\amd64_microsoft.windows.common-controls_6595b64144ccf1df_6.0.9600.17031_none_6242a4b3ecbb55a1\COMCTL32.dll
0x00000000601f0000 - 0x00000000602c2000 	C:\Program Files\Java\jdk1.8.0_45\jre\bin\msvcr100.dll
0x000000005f960000 - 0x00000000601e3000 	C:\Program Files\Java\jdk1.8.0_45\jre\bin\server\jvm.dll
0x00007ffa8a890000 - 0x00007ffa8a899000 	C:\Windows\SYSTEM32\WSOCK32.dll
0x00007ffa8a930000 - 0x00007ffa8a94f000 	C:\Windows\SYSTEM32\WINMM.dll
0x00007ffa8af60000 - 0x00007ffa8af6a000 	C:\Windows\SYSTEM32\VERSION.dll
0x00007ffa939f0000 - 0x00007ffa939f7000 	C:\Windows\system32\PSAPI.DLL
0x00007ffa92de0000 - 0x00007ffa92e38000 	C:\Windows\system32\WS2_32.dll
0x00007ffa8a900000 - 0x00007ffa8a92a000 	C:\Windows\SYSTEM32\WINMMBASE.dll
0x00007ffa93a00000 - 0x00007ffa93a09000 	C:\Windows\system32\NSI.dll
0x00007ffa92480000 - 0x00007ffa924ca000 	C:\Windows\SYSTEM32\cfgmgr32.dll
0x00007ffa910e0000 - 0x00007ffa91106000 	C:\Windows\SYSTEM32\DEVOBJ.dll
0x0000000061090000 - 0x000000006109f000 	C:\Program Files\Java\jdk1.8.0_45\jre\bin\verify.dll
0x000000005f930000 - 0x000000005f959000 	C:\Program Files\Java\jdk1.8.0_45\jre\bin\java.dll
0x000000005f910000 - 0x000000005f926000 	C:\Program Files\Java\jdk1.8.0_45\jre\bin\zip.dll

VM Arguments:
jvm_args: -Djava.awt.headless=true -Xmx1024M -Dfile.encoding=windows-1252 -Duser.country=US -Duser.language=en -Duser.variant 
java_command: com.android.dx.command.Main --dex --force-jumbo --num-threads=4 --multi-dex --output C:\Users\WarunaKavinda\AndroidStudioProjects\ParkingMate\app\build\intermediates\transforms\dex\debug\folders\1000\10\com.google.android.gms-play-services-maps-8.4.0_4a98282c4bcccf227978d7e6482556d09392bf25 C:\Users\WarunaKavinda\AndroidStudioProjects\ParkingMate\app\build\intermediates\exploded-aar\com.google.android.gms\play-services-maps\8.4.0\jars\classes.jar
java_class_path (initial): C:\Users\WarunaKavinda\AppData\Local\Android\sdk1\build-tools\23.0.2\lib\dx.jar
Launcher Type: SUN_STANDARD

Environment Variables:
JAVA_HOME=C:\Program Files\Java\jdk1.8.0_45
PATH=C:\oraclexe\app\oracle\product\11.2.0\server\bin;;C:\ProgramData\Oracle\Java\javapath;C:\Program Files (x86)\Skype\Phone\;C:\Program Files\nodejs\;C:\Program Files (x86)\MySQL\MySQL Fabric 1.5 & MySQL Utilities 1.5\;C:\Program Files (x86)\MySQL\MySQL Fabric 1.5 & MySQL Utilities 1.5\Doctrine extensions for PHP\;C:\Program Files (x86)\Windows Live\Shared;C:\Program Files (x86)\Windows Kits\8.1\Windows Performance Toolkit\;C:\Program Files\Microsoft SQL Server\110\Tools\Binn\;C:\Program Files\Java\jdk1.8.0_45\bin;C:\Users\WarunaKavinda\AppData\Roaming\npm
USERNAME=WarunaKavinda
OS=Windows_NT
PROCESSOR_IDENTIFIER=Intel64 Family 6 Model 58 Stepping 9, GenuineIntel



---------------  S Y S T E M  ---------------

OS: Windows 8.1 , 64 bit Build 9600 (6.3.9600.17031)

CPU:total 4 (2 cores per cpu, 2 threads per core) family 6 model 58 stepping 9, cmov, cx8, fxsr, mmx, sse, sse2, sse3, ssse3, sse4.1, sse4.2, popcnt, avx, aes, clmul, erms, ht, tsc, tscinvbit, tscinv

Memory: 4k page, physical 4028776k(232372k free), swap 7174504k(4084k free)

vm_info: Java HotSpot(TM) 64-Bit Server VM (25.45-b02) for windows-amd64 JRE (1.8.0_45-b15), built on Apr 30 2015 12:40:44 by "java_re" with MS VC++ 10.0 (VS2010)

time: Sun Dec 18 16:32:02 2016
elapsed time: 0 seconds (0d 0h 0m 0s)

