#
# There is insufficient memory for the Java Runtime Environment to continue.
# Native memory allocation (malloc) failed to allocate 32744 bytes for ChunkPool::allocate
# Possible reasons:
#   The system is out of physical RAM or swap space
#   In 32 bit mode, the process size limit was hit
# Possible solutions:
#   Reduce memory load on the system
#   Increase physical memory or swap space
#   Check if swap backing store is full
#   Use 64 bit Java on a 64 bit OS
#   Decrease Java heap size (-Xmx/-Xms)
#   Decrease number of Java threads
#   Decrease Java thread stack sizes (-Xss)
#   Set larger code cache with -XX:ReservedCodeCacheSize=
# This output file may be truncated or incomplete.
#
#  Out of Memory Error (allocation.cpp:273), pid=9140, tid=11332
#
# JRE version: Java(TM) SE Runtime Environment (8.0_45-b15) (build 1.8.0_45-b15)
# Java VM: Java HotSpot(TM) 64-Bit Server VM (25.45-b02 mixed mode windows-amd64 compressed oops)
# Failed to write core dump. Minidumps are not enabled by default on client versions of Windows
#

---------------  T H R E A D  ---------------

Current thread (0x00000000147db000):  JavaThread "C2 CompilerThread0" daemon [_thread_in_native, id=11332, stack(0x0000000015d30000,0x0000000015e30000)]

Stack: [0x0000000015d30000,0x0000000015e30000]
Native frames: (J=compiled Java code, j=interpreted, Vv=VM code, C=native code)
V  [jvm.dll+0x32b57a]


Current CompileTask:
C2:    965  685       4      
[error occurred during error reporting (printing current compile task), id 0xe0000001]


---------------  P R O C E S S  ---------------

Java Threads: ( => current thread )
  0x0000000016265800 JavaThread "pool-2-thread-4" [_thread_in_Java, id=14360, stack(0x0000000016a30000,0x0000000016b30000)]
  0x00000000161cd000 JavaThread "pool-2-thread-3" [_thread_in_vm, id=2736, stack(0x0000000016930000,0x0000000016a30000)]
  0x00000000161cc000 JavaThread "pool-2-thread-2" [_thread_blocked, id=10324, stack(0x0000000016830000,0x0000000016930000)]
  0x0000000016182000 JavaThread "pool-3-thread-1" [_thread_in_vm, id=7268, stack(0x0000000016730000,0x0000000016830000)]
  0x000000001617f800 JavaThread "pool-2-thread-1" [_thread_blocked, id=12188, stack(0x0000000016630000,0x0000000016730000)]
  0x0000000016038000 JavaThread "Service Thread" daemon [_thread_blocked, id=12812, stack(0x0000000016430000,0x0000000016530000)]
  0x000000001482d000 JavaThread "C1 CompilerThread2" daemon [_thread_in_native, id=7368, stack(0x0000000015f30000,0x0000000016030000)]
  0x00000000147dd000 JavaThread "C2 CompilerThread1" daemon [_thread_in_native, id=10516, stack(0x0000000015e30000,0x0000000015f30000)]
=>0x00000000147db000 JavaThread "C2 CompilerThread0" daemon [_thread_in_native, id=11332, stack(0x0000000015d30000,0x0000000015e30000)]
  0x00000000147d8000 JavaThread "Attach Listener" daemon [_thread_blocked, id=16472, stack(0x0000000015c30000,0x0000000015d30000)]
  0x00000000147d7000 JavaThread "Signal Dispatcher" daemon [_thread_blocked, id=2740, stack(0x0000000015b30000,0x0000000015c30000)]
  0x00000000020f3800 JavaThread "Finalizer" daemon [_thread_blocked, id=8584, stack(0x0000000015a30000,0x0000000015b30000)]
  0x00000000020f0000 JavaThread "Reference Handler" daemon [_thread_blocked, id=13524, stack(0x0000000015930000,0x0000000015a30000)]
  0x0000000002000800 JavaThread "main" [_thread_in_vm, id=5728, stack(0x0000000001e90000,0x0000000001f90000)]

Other Threads:
  0x0000000014797800 VMThread [stack: 0x0000000015830000,0x0000000015930000] [id=11380]
  0x0000000016038800 WatcherThread [stack: 0x0000000016530000,0x0000000016630000] [id=8392]

VM state:not at safepoint (normal execution)

VM Mutex/Monitor currently owned by a thread:  ([mutex/lock_event])
[0x0000000001ffdfd0] MethodData_lock - owner thread: 0x0000000002000800

Heap:
 PSYoungGen      total 18432K, used 12027K [0x00000000eab00000, 0x00000000ebf80000, 0x0000000100000000)
  eden space 15872K, 75% used [0x00000000eab00000,0x00000000eb6bef00,0x00000000eba80000)
  from space 2560K, 0% used [0x00000000ebd00000,0x00000000ebd00000,0x00000000ebf80000)
  to   space 2560K, 0% used [0x00000000eba80000,0x00000000eba80000,0x00000000ebd00000)
 ParOldGen       total 42496K, used 0K [0x00000000c0000000, 0x00000000c2980000, 0x00000000eab00000)
  object space 42496K, 0% used [0x00000000c0000000,0x00000000c0000000,0x00000000c2980000)
 Metaspace       used 5540K, capacity 6640K, committed 6784K, reserved 1056768K
  class space    used 577K, capacity 616K, committed 640K, reserved 1048576K

Card table byte_map: [0x00000000114c0000,0x00000000116d0000] byte_map_base: 0x0000000010ec0000

Marking Bits: (ParMarkBitMap*) 0x0000000060164040
 Begin Bits: [0x0000000011c30000, 0x0000000012c30000)
 End Bits:   [0x0000000012c30000, 0x0000000013c30000)

Polling page: 0x0000000000690000

CodeCache: size=245760Kb used=2807Kb max_used=2819Kb free=242952Kb
 bounds [0x0000000002100000, 0x00000000023d0000, 0x0000000011100000]
 total_blobs=941 nmethods=673 adapters=181
 compilation: enabled

Compilation events (10 events):
Event: 0.820 Thread 0x000000001482d000  677       3       com.android.dx.cf.code.RopperMachine::getSources (264 bytes)
Event: 0.824 Thread 0x000000001482d000 nmethod 677 0x00000000023b4b10 code [0x00000000023b5120, 0x00000000023b9ab8]
Event: 0.824 Thread 0x000000001482d000  679       3       com.android.dx.cf.code.BaseMachine::storeResults (90 bytes)
Event: 0.824 Thread 0x000000001482d000 nmethod 679 0x00000000023bd0d0 code [0x00000000023bd2c0, 0x00000000023bdd88]
Event: 0.824 Thread 0x000000001482d000  676   !   3       com.android.dx.cf.code.RopperMachine::run (1550 bytes)
Event: 0.827 Thread 0x00000000147db000  681       4       com.android.dx.ssa.NormalSsaInsn::isNormalMoveInsn (20 bytes)
Event: 0.828 Thread 0x00000000147db000 nmethod 681 0x00000000023a6410 code [0x00000000023a6540, 0x00000000023a65d8]
Event: 0.828 Thread 0x00000000147db000  683       4       java.util.HashSet::contains (9 bytes)
Event: 0.835 Thread 0x00000000147db000 nmethod 683 0x00000000023bedd0 code [0x00000000023bef40, 0x00000000023bf458]
Event: 0.835 Thread 0x00000000147db000  685       4       java.util.HashMap::getNode (148 bytes)

GC Heap History (0 events):
No events

Deoptimization events (1 events):
Event: 0.720 Thread 0x0000000002000800 Uncommon trap: reason=unstable_if action=reinterpret pc=0x00000000022ef4d8 method=java.util.HashMap.getNode(ILjava/lang/Object;)Ljava/util/HashMap$Node; @ 129

Internal exceptions (2 events):
Event: 0.053 Thread 0x0000000002000800 Exception <a 'java/lang/NoSuchMethodError': Method sun.misc.Unsafe.defineClass(Ljava/lang/String;[BII)Ljava/lang/Class; name or signature does not match> (0x00000000eab0d438) thrown at [C:\re\workspace\8-2-build-windows-amd64-cygwin\jdk8u45\3627\hotspot\sriƒoúl«?
Event: 0.054 Thread 0x0000000002000800 Exception <a 'java/lang/NoSuchMethodError': Method sun.misc.Unsafe.prefetchRead(Ljava/lang/Object;J)V name or signature does not match> (0x00000000eab0d6c8) thrown at [C:\re\workspace\8-2-build-windows-amd64-cygwin\jdk8u45\3627\hotspot\src\share\vm\prims\j

Events (10 events):
Event: 0.621 loading class com/android/dx/cf/code/SwitchList done
Event: 0.692 loading class com/android/dx/rop/cst/CstEnumRef
Event: 0.692 loading class com/android/dx/rop/cst/CstEnumRef done
Event: 0.712 loading class com/android/dx/ssa/back/FirstFitLocalCombiningAllocator$Multiset
Event: 0.712 loading class com/android/dx/ssa/back/FirstFitLocalCombiningAllocator$Multiset done
Event: 0.716 loading class java/util/DualPivotQuicksort
Event: 0.716 loading class java/util/DualPivotQuicksort done
Event: 0.720 Thread 0x0000000002000800 Uncommon trap: trap_request=0xffffff65 fr.pc=0x00000000022ef4d8
Event: 0.720 Thread 0x0000000002000800 DEOPT PACKING pc=0x00000000022ef4d8 sp=0x0000000001f8d6f0
Event: 0.720 Thread 0x0000000002000800 DEOPT UNPACKING pc=0x000000000214582a sp=0x0000000001f8d668 mode 2


Dynamic libraries:
0x00007ff628ff0000 - 0x00007ff629027000 	C:\Program Files\Java\jdk1.8.0_45\bin\java.exe
0x00007ffa96240000 - 0x00007ffa963ed000 	C:\Windows\SYSTEM32\ntdll.dll
0x00007ffa931e0000 - 0x00007ffa9331a000 	C:\Windows\system32\KERNEL32.DLL
0x00007ffa85e90000 - 0x00007ffa85ee4000 	C:\Program Files (x86)\AVG\Av\avghooka.dll
0x00007ffa92310000 - 0x00007ffa92425000 	C:\Windows\system32\KERNELBASE.dll
0x00007ffa90b30000 - 0x00007ffa90bb8000 	C:\Windows\system32\apphelp.dll
0x00007ffa7d6f0000 - 0x00007ffa7d73f000 	C:\Windows\AppPatch\AppPatch64\AcGenral.DLL
0x00007ffa92e40000 - 0x00007ffa92ee7000 	C:\Windows\system32\msvcrt.dll
0x00007ffa92020000 - 0x00007ffa9204b000 	C:\Windows\SYSTEM32\SspiCli.dll
0x00007ffa937b0000 - 0x00007ffa93801000 	C:\Windows\system32\SHLWAPI.dll
0x00007ffa93570000 - 0x00007ffa936e1000 	C:\Windows\system32\USER32.dll
0x00007ffa933f0000 - 0x00007ffa93568000 	C:\Windows\system32\ole32.dll
0x00007ffa93ac0000 - 0x00007ffa94ed7000 	C:\Windows\system32\SHELL32.dll
0x00007ffa91800000 - 0x00007ffa9181f000 	C:\Windows\SYSTEM32\USERENV.dll
0x00007ffa92b40000 - 0x00007ffa92bea000 	C:\Windows\system32\ADVAPI32.dll
0x00007ffa83f40000 - 0x00007ffa83f5b000 	C:\Windows\SYSTEM32\MPR.dll
0x00007ffa930a0000 - 0x00007ffa931d6000 	C:\Windows\system32\RPCRT4.dll
0x00007ffa93a10000 - 0x00007ffa93a69000 	C:\Windows\SYSTEM32\sechost.dll
0x00007ffa92760000 - 0x00007ffa92971000 	C:\Windows\SYSTEM32\combase.dll
0x00007ffa92bf0000 - 0x00007ffa92d34000 	C:\Windows\system32\GDI32.dll
0x00007ffa92240000 - 0x00007ffa92254000 	C:\Windows\SYSTEM32\profapi.dll
0x00007ffa90c40000 - 0x00007ffa90cdf000 	C:\Windows\SYSTEM32\SHCORE.dll
0x00007ffa93a80000 - 0x00007ffa93ab4000 	C:\Windows\system32\IMM32.DLL
0x00007ffa929e0000 - 0x00007ffa92b31000 	C:\Windows\system32\MSCTF.dll
0x00007ffa901e0000 - 0x00007ffa9043a000 	C:\Windows\WinSxS\amd64_microsoft.windows.common-controls_6595b64144ccf1df_6.0.9600.17031_none_6242a4b3ecbb55a1\COMCTL32.dll
0x00000000601f0000 - 0x00000000602c2000 	C:\Program Files\Java\jdk1.8.0_45\jre\bin\msvcr100.dll
0x000000005f960000 - 0x00000000601e3000 	C:\Program Files\Java\jdk1.8.0_45\jre\bin\server\jvm.dll
0x00007ffa8a890000 - 0x00007ffa8a899000 	C:\Windows\SYSTEM32\WSOCK32.dll
0x00007ffa8a930000 - 0x00007ffa8a94f000 	C:\Windows\SYSTEM32\WINMM.dll
0x00007ffa8af60000 - 0x00007ffa8af6a000 	C:\Windows\SYSTEM32\VERSION.dll
0x00007ffa939f0000 - 0x00007ffa939f7000 	C:\Windows\system32\PSAPI.DLL
0x00007ffa92de0000 - 0x00007ffa92e38000 	C:\Windows\system32\WS2_32.dll
0x00007ffa8a900000 - 0x00007ffa8a92a000 	C:\Windows\SYSTEM32\WINMMBASE.dll
0x00007ffa93a00000 - 0x00007ffa93a09000 	C:\Windows\system32\NSI.dll
0x00007ffa92480000 - 0x00007ffa924ca000 	C:\Windows\SYSTEM32\cfgmgr32.dll
0x00007ffa910e0000 - 0x00007ffa91106000 	C:\Windows\SYSTEM32\DEVOBJ.dll
0x0000000061090000 - 0x000000006109f000 	C:\Program Files\Java\jdk1.8.0_45\jre\bin\verify.dll
0x000000005f930000 - 0x000000005f959000 	C:\Program Files\Java\jdk1.8.0_45\jre\bin\java.dll
0x000000005f910000 - 0x000000005f926000 	C:\Program Files\Java\jdk1.8.0_45\jre\bin\zip.dll

VM Arguments:
jvm_args: -Djava.awt.headless=true -Xmx1024M -Dfile.encoding=windows-1252 -Duser.country=US -Duser.language=en -Duser.variant 
java_command: com.android.dx.command.Main --dex --force-jumbo --num-threads=4 --multi-dex --output C:\Users\WarunaKavinda\AndroidStudioProjects\ParkingMate\app\build\intermediates\transforms\dex\debug\folders\1000\5\slice_7 C:\Users\WarunaKavinda\AndroidStudioProjects\ParkingMate\app\build\intermediates\transforms\instantRunSlicer\debug\folders\1\5\slice_7
java_class_path (initial): C:\Users\WarunaKavinda\AppData\Local\Android\sdk1\build-tools\23.0.2\lib\dx.jar
Launcher Type: SUN_STANDARD

Environment Variables:
JAVA_HOME=C:\Program Files\Java\jdk1.8.0_45
PATH=C:\oraclexe\app\oracle\product\11.2.0\server\bin;;C:\ProgramData\Oracle\Java\javapath;C:\Program Files (x86)\Skype\Phone\;C:\Program Files\nodejs\;C:\Program Files (x86)\MySQL\MySQL Fabric 1.5 & MySQL Utilities 1.5\;C:\Program Files (x86)\MySQL\MySQL Fabric 1.5 & MySQL Utilities 1.5\Doctrine extensions for PHP\;C:\Program Files (x86)\Windows Live\Shared;C:\Program Files (x86)\Windows Kits\8.1\Windows Performance Toolkit\;C:\Program Files\Microsoft SQL Server\110\Tools\Binn\;C:\Program Files\Java\jdk1.8.0_45\bin;C:\Users\WarunaKavinda\AppData\Roaming\npm
USERNAME=WarunaKavinda
OS=Windows_NT
PROCESSOR_IDENTIFIER=Intel64 Family 6 Model 58 Stepping 9, GenuineIntel



---------------  S Y S T E M  ---------------

OS: Windows 8.1 , 64 bit Build 9600 (6.3.9600.17031)

CPU:total 4 (2 cores per cpu, 2 threads per core) family 6 model 58 stepping 9, cmov, cx8, fxsr, mmx, sse, sse2, sse3, ssse3, sse4.1, sse4.2, popcnt, avx, aes, clmul, erms, ht, tsc, tscinvbit, tscinv

Memory: 4k page, physical 4028776k(286352k free), swap 7174504k(4176k free)

vm_info: Java HotSpot(TM) 64-Bit Server VM (25.45-b02) for windows-amd64 JRE (1.8.0_45-b15), built on Apr 30 2015 12:40:44 by "java_re" with MS VC++ 10.0 (VS2010)

time: Sun Dec 18 16:31:28 2016
elapsed time: 1 seconds (0d 0h 0m 1s)

