#
# There is insufficient memory for the Java Runtime Environment to continue.
# Native memory allocation (malloc) failed to allocate 60896 bytes for Chunk::new
# Possible reasons:
#   The system is out of physical RAM or swap space
#   In 32 bit mode, the process size limit was hit
# Possible solutions:
#   Reduce memory load on the system
#   Increase physical memory or swap space
#   Check if swap backing store is full
#   Use 64 bit Java on a 64 bit OS
#   Decrease Java heap size (-Xmx/-Xms)
#   Decrease number of Java threads
#   Decrease Java thread stack sizes (-Xss)
#   Set larger code cache with -XX:ReservedCodeCacheSize=
# This output file may be truncated or incomplete.
#
#  Out of Memory Error (allocation.cpp:390), pid=14640, tid=11572
#
# JRE version: Java(TM) SE Runtime Environment (8.0_45-b15) (build 1.8.0_45-b15)
# Java VM: Java HotSpot(TM) 64-Bit Server VM (25.45-b02 mixed mode windows-amd64 compressed oops)
# Failed to write core dump. Minidumps are not enabled by default on client versions of Windows
#

---------------  T H R E A D  ---------------

Current thread (0x0000000014860800):  JavaThread "C2 CompilerThread1" daemon [_thread_in_native, id=11572, stack(0x0000000015ed0000,0x0000000015fd0000)]

Stack: [0x0000000015ed0000,0x0000000015fd0000]
Native frames: (J=compiled Java code, j=interpreted, Vv=VM code, C=native code)
V  [jvm.dll+0x32b57a]
V  [jvm.dll+0x279873]
V  [jvm.dll+0x27a509]
V  [jvm.dll+0x271825]
V  [jvm.dll+0xcb9e2]
V  [jvm.dll+0xcbeac]
V  [jvm.dll+0x476ef2]
V  [jvm.dll+0x4b955f]
V  [jvm.dll+0x46baa8]
V  [jvm.dll+0x46ccbe]
V  [jvm.dll+0x4500f2]
V  [jvm.dll+0xa4352]
V  [jvm.dll+0xa4c8f]
V  [jvm.dll+0x241984]
V  [jvm.dll+0x29853a]
C  [msvcr100.dll+0x21d9f]
C  [msvcr100.dll+0x21e3b]
C  [KERNEL32.DLL+0x168d]
C  [ntdll.dll+0x154e4]


Current CompileTask:
C2:   3164  574       4       java.util.HashMap::get (23 bytes)


---------------  P R O C E S S  ---------------

Java Threads: ( => current thread )
  0x0000000016349000 JavaThread "pool-1-thread-1" [_thread_in_native, id=14056, stack(0x00000000166d0000,0x00000000167d0000)]
  0x00000000160de800 JavaThread "Service Thread" daemon [_thread_blocked, id=12032, stack(0x00000000164d0000,0x00000000165d0000)]
  0x00000000148bd800 JavaThread "C1 CompilerThread2" daemon [_thread_in_native, id=2852, stack(0x0000000015fd0000,0x00000000160d0000)]
=>0x0000000014860800 JavaThread "C2 CompilerThread1" daemon [_thread_in_native, id=11572, stack(0x0000000015ed0000,0x0000000015fd0000)]
  0x000000001485c800 JavaThread "C2 CompilerThread0" daemon [_thread_in_native, id=11968, stack(0x0000000015dd0000,0x0000000015ed0000)]
  0x000000001485a000 JavaThread "Attach Listener" daemon [_thread_blocked, id=6036, stack(0x0000000015cd0000,0x0000000015dd0000)]
  0x0000000014858800 JavaThread "Signal Dispatcher" daemon [_thread_blocked, id=14816, stack(0x0000000015bd0000,0x0000000015cd0000)]
  0x0000000002161000 JavaThread "Finalizer" daemon [_thread_blocked, id=17176, stack(0x0000000015ac0000,0x0000000015bc0000)]
  0x000000000215e000 JavaThread "Reference Handler" daemon [_thread_blocked, id=2320, stack(0x00000000159c0000,0x0000000015ac0000)]
  0x0000000002072800 JavaThread "main" [_thread_blocked, id=13360, stack(0x0000000001f70000,0x0000000002070000)]

Other Threads:
  0x0000000014827000 VMThread [stack: 0x00000000158c0000,0x00000000159c0000] [id=15220]
  0x00000000160d4800 WatcherThread [stack: 0x00000000165d0000,0x00000000166d0000] [id=14748]

VM state:not at safepoint (normal execution)

VM Mutex/Monitor currently owned by a thread: None

Heap:
 PSYoungGen      total 18432K, used 2730K [0x00000000eab00000, 0x00000000ecf00000, 0x0000000100000000)
  eden space 15872K, 1% used [0x00000000eab00000,0x00000000eab32b50,0x00000000eba80000)
  from space 2560K, 98% used [0x00000000eba80000,0x00000000ebcf8018,0x00000000ebd00000)
  to   space 2560K, 0% used [0x00000000ecc80000,0x00000000ecc80000,0x00000000ecf00000)
 ParOldGen       total 42496K, used 4761K [0x00000000c0000000, 0x00000000c2980000, 0x00000000eab00000)
  object space 42496K, 11% used [0x00000000c0000000,0x00000000c04a67b0,0x00000000c2980000)
 Metaspace       used 5996K, capacity 6808K, committed 7168K, reserved 1056768K
  class space    used 630K, capacity 656K, committed 768K, reserved 1048576K

Card table byte_map: [0x0000000011530000,0x0000000011740000] byte_map_base: 0x0000000010f30000

Marking Bits: (ParMarkBitMap*) 0x0000000060164040
 Begin Bits: [0x0000000011ca0000, 0x0000000012ca0000)
 End Bits:   [0x0000000012ca0000, 0x0000000013ca0000)

Polling page: 0x0000000001f20000

CodeCache: size=245760Kb used=2269Kb max_used=2276Kb free=243490Kb
 bounds [0x0000000002170000, 0x00000000023e0000, 0x0000000011170000]
 total_blobs=830 nmethods=554 adapters=189
 compilation: enabled

Compilation events (10 events):
Event: 1.498 Thread 0x00000000148bd800 nmethod 551 0x00000000023a5a50 code [0x00000000023a5be0, 0x00000000023a60a8]
Event: 1.498 Thread 0x00000000148bd800  543       3       com.android.dx.rop.type.Type::getBasicFrameType (60 bytes)
Event: 1.498 Thread 0x00000000148bd800 nmethod 543 0x00000000023a6250 code [0x00000000023a63a0, 0x00000000023a6530]
Event: 1.498 Thread 0x00000000148bd800  545   !   3       com.android.dx.cf.code.BytecodeArray::parseInstruction (2764 bytes)
Event: 1.516 Thread 0x000000001485c800  571   !   4       com.android.dx.util.IntList::get (36 bytes)
Event: 1.517 Thread 0x000000001485c800 nmethod 571 0x00000000023a9290 code [0x00000000023a93c0, 0x00000000023a9478]
Event: 1.517 Thread 0x0000000014860800  572       4       java.util.BitSet::nextSetBit (102 bytes)
Event: 1.517 Thread 0x000000001485c800  573       4       java.util.ArrayList::add (29 bytes)
Event: 1.520 Thread 0x0000000014860800 nmethod 572 0x00000000023a79d0 code [0x00000000023a7b20, 0x00000000023a7c58]
Event: 1.520 Thread 0x0000000014860800  574       4       java.util.HashMap::get (23 bytes)

GC Heap History (0 events):
No events

Deoptimization events (1 events):
Event: 1.524 Thread 0x0000000016346000 Uncommon trap: reason=unstable_if action=reinterpret pc=0x0000000002394b14 method=java.util.HashMap.getNode(ILjava/lang/Object;)Ljava/util/HashMap$Node; @ 129

Internal exceptions (2 events):
Event: 0.146 Thread 0x0000000002072800 Exception <a 'java/lang/NoSuchMethodError': Method sun.misc.Unsafe.defineClass(Ljava/lang/String;[BII)Ljava/lang/Class; name or signature does not match> (0x00000000eab0d688) thrown at [C:\re\workspace\8-2-build-windows-amd64-cygwin\jdk8u45\3627\hotspot\srMËAw­ºÂ?
Event: 0.146 Thread 0x0000000002072800 Exception <a 'java/lang/NoSuchMethodError': Method sun.misc.Unsafe.prefetchRead(Ljava/lang/Object;J)V name or signature does not match> (0x00000000eab0d918) thrown at [C:\re\workspace\8-2-build-windows-amd64-cygwin\jdk8u45\3627\hotspot\src\share\vm\prims\j

Events (10 events):
Event: 1.381 loading class java/util/HashMap$ValueIterator done
Event: 1.396 loading class com/android/dx/ssa/PhiInsn$Operand
Event: 1.396 loading class com/android/dx/ssa/PhiInsn$Operand done
Event: 1.401 loading class com/android/dx/ssa/back/FirstFitLocalCombiningAllocator$Multiset
Event: 1.401 loading class com/android/dx/ssa/back/FirstFitLocalCombiningAllocator$Multiset done
Event: 1.506 loading class com/android/dx/cf/code/SwitchList
Event: 1.506 loading class com/android/dx/cf/code/SwitchList done
Event: 1.524 Thread 0x0000000016346000 Uncommon trap: trap_request=0xffffff65 fr.pc=0x0000000002394b14
Event: 1.524 Thread 0x0000000016346000 DEOPT PACKING pc=0x0000000002394b14 sp=0x00000000167cea30
Event: 1.524 Thread 0x0000000016346000 DEOPT UNPACKING pc=0x00000000021b582a sp=0x00000000167ce9a8 mode 2


Dynamic libraries:
0x00007ff628ff0000 - 0x00007ff629027000 	C:\Program Files\Java\jdk1.8.0_45\bin\java.exe
0x00007ffa96240000 - 0x00007ffa963ed000 	C:\Windows\SYSTEM32\ntdll.dll
0x00007ffa931e0000 - 0x00007ffa9331a000 	C:\Windows\system32\KERNEL32.DLL
0x00007ffa85e90000 - 0x00007ffa85ee4000 	C:\Program Files (x86)\AVG\Av\avghooka.dll
0x00007ffa92310000 - 0x00007ffa92425000 	C:\Windows\system32\KERNELBASE.dll
0x00007ffa90b30000 - 0x00007ffa90bb8000 	C:\Windows\system32\apphelp.dll
0x00007ffa7d6f0000 - 0x00007ffa7d73f000 	C:\Windows\AppPatch\AppPatch64\AcGenral.DLL
0x00007ffa92e40000 - 0x00007ffa92ee7000 	C:\Windows\system32\msvcrt.dll
0x00007ffa92020000 - 0x00007ffa9204b000 	C:\Windows\SYSTEM32\SspiCli.dll
0x00007ffa937b0000 - 0x00007ffa93801000 	C:\Windows\system32\SHLWAPI.dll
0x00007ffa93570000 - 0x00007ffa936e1000 	C:\Windows\system32\USER32.dll
0x00007ffa933f0000 - 0x00007ffa93568000 	C:\Windows\system32\ole32.dll
0x00007ffa93ac0000 - 0x00007ffa94ed7000 	C:\Windows\system32\SHELL32.dll
0x00007ffa91800000 - 0x00007ffa9181f000 	C:\Windows\SYSTEM32\USERENV.dll
0x00007ffa92b40000 - 0x00007ffa92bea000 	C:\Windows\system32\ADVAPI32.dll
0x00007ffa83f40000 - 0x00007ffa83f5b000 	C:\Windows\SYSTEM32\MPR.dll
0x00007ffa930a0000 - 0x00007ffa931d6000 	C:\Windows\system32\RPCRT4.dll
0x00007ffa93a10000 - 0x00007ffa93a69000 	C:\Windows\SYSTEM32\sechost.dll
0x00007ffa92760000 - 0x00007ffa92971000 	C:\Windows\SYSTEM32\combase.dll
0x00007ffa92bf0000 - 0x00007ffa92d34000 	C:\Windows\system32\GDI32.dll
0x00007ffa92240000 - 0x00007ffa92254000 	C:\Windows\SYSTEM32\profapi.dll
0x00007ffa90c40000 - 0x00007ffa90cdf000 	C:\Windows\SYSTEM32\SHCORE.dll
0x00007ffa93a80000 - 0x00007ffa93ab4000 	C:\Windows\system32\IMM32.DLL
0x00007ffa929e0000 - 0x00007ffa92b31000 	C:\Windows\system32\MSCTF.dll
0x00007ffa901e0000 - 0x00007ffa9043a000 	C:\Windows\WinSxS\amd64_microsoft.windows.common-controls_6595b64144ccf1df_6.0.9600.17031_none_6242a4b3ecbb55a1\COMCTL32.dll
0x00000000601f0000 - 0x00000000602c2000 	C:\Program Files\Java\jdk1.8.0_45\jre\bin\msvcr100.dll
0x000000005f960000 - 0x00000000601e3000 	C:\Program Files\Java\jdk1.8.0_45\jre\bin\server\jvm.dll
0x00007ffa8a890000 - 0x00007ffa8a899000 	C:\Windows\SYSTEM32\WSOCK32.dll
0x00007ffa8a930000 - 0x00007ffa8a94f000 	C:\Windows\SYSTEM32\WINMM.dll
0x00007ffa8af60000 - 0x00007ffa8af6a000 	C:\Windows\SYSTEM32\VERSION.dll
0x00007ffa939f0000 - 0x00007ffa939f7000 	C:\Windows\system32\PSAPI.DLL
0x00007ffa92de0000 - 0x00007ffa92e38000 	C:\Windows\system32\WS2_32.dll
0x00007ffa8a900000 - 0x00007ffa8a92a000 	C:\Windows\SYSTEM32\WINMMBASE.dll
0x00007ffa93a00000 - 0x00007ffa93a09000 	C:\Windows\system32\NSI.dll
0x00007ffa92480000 - 0x00007ffa924ca000 	C:\Windows\SYSTEM32\cfgmgr32.dll
0x00007ffa910e0000 - 0x00007ffa91106000 	C:\Windows\SYSTEM32\DEVOBJ.dll
0x0000000061090000 - 0x000000006109f000 	C:\Program Files\Java\jdk1.8.0_45\jre\bin\verify.dll
0x000000005f930000 - 0x000000005f959000 	C:\Program Files\Java\jdk1.8.0_45\jre\bin\java.dll
0x000000005f910000 - 0x000000005f926000 	C:\Program Files\Java\jdk1.8.0_45\jre\bin\zip.dll
0x00007ffa86ce0000 - 0x00007ffa86e68000 	C:\Windows\SYSTEM32\dbghelp.dll

VM Arguments:
jvm_args: -Djava.awt.headless=true -Xmx1024M -Dfile.encoding=windows-1252 -Duser.country=US -Duser.language=en -Duser.variant 
java_command: com.android.dx.command.Main --dex --force-jumbo --num-threads=4 --multi-dex --output C:\Users\WarunaKavinda\AndroidStudioProjects\ParkingMate\app\build\intermediates\transforms\dex\debug\folders\1000\10\com.google.android.gms-play-services-gcm-8.4.0_1a638334ead5576e4dcb3fd09c6195b65dfe10f9 C:\Users\WarunaKavinda\AndroidStudioProjects\ParkingMate\app\build\intermediates\exploded-aar\com.google.android.gms\play-services-gcm\8.4.0\jars\classes.jar
java_class_path (initial): C:\Users\WarunaKavinda\AppData\Local\Android\sdk1\build-tools\23.0.2\lib\dx.jar
Launcher Type: SUN_STANDARD

Environment Variables:
JAVA_HOME=C:\Program Files\Java\jdk1.8.0_45
PATH=C:\oraclexe\app\oracle\product\11.2.0\server\bin;;C:\ProgramData\Oracle\Java\javapath;C:\Program Files (x86)\Skype\Phone\;C:\Program Files\nodejs\;C:\Program Files (x86)\MySQL\MySQL Fabric 1.5 & MySQL Utilities 1.5\;C:\Program Files (x86)\MySQL\MySQL Fabric 1.5 & MySQL Utilities 1.5\Doctrine extensions for PHP\;C:\Program Files (x86)\Windows Live\Shared;C:\Program Files (x86)\Windows Kits\8.1\Windows Performance Toolkit\;C:\Program Files\Microsoft SQL Server\110\Tools\Binn\;C:\Program Files\Java\jdk1.8.0_45\bin;C:\Users\WarunaKavinda\AppData\Roaming\npm
USERNAME=WarunaKavinda
OS=Windows_NT
PROCESSOR_IDENTIFIER=Intel64 Family 6 Model 58 Stepping 9, GenuineIntel



---------------  S Y S T E M  ---------------

OS: Windows 8.1 , 64 bit Build 9600 (6.3.9600.17031)

CPU:total 4 (2 cores per cpu, 2 threads per core) family 6 model 58 stepping 9, cmov, cx8, fxsr, mmx, sse, sse2, sse3, ssse3, sse4.1, sse4.2, popcnt, avx, aes, clmul, erms, ht, tsc, tscinvbit, tscinv

Memory: 4k page, physical 4028776k(342212k free), swap 7174504k(262560k free)

vm_info: Java HotSpot(TM) 64-Bit Server VM (25.45-b02) for windows-amd64 JRE (1.8.0_45-b15), built on Apr 30 2015 12:40:44 by "java_re" with MS VC++ 10.0 (VS2010)

time: Sun Dec 18 16:31:20 2016
elapsed time: 3 seconds (0d 0h 0m 3s)

