JvmtiExport can_access_local_variables 0
JvmtiExport can_hotswap_or_post_breakpoint 0
JvmtiExport can_post_on_exceptions 0
# 129 ciObject found
ciMethod java/lang/Object hashCode ()I 2049 1 256 0 -1
ciMethod java/lang/Object equals (Ljava/lang/Object;)Z 4097 1 1372 0 -1
ciMethod java/lang/String equals (Ljava/lang/Object;)Z 2233 11969 1821 0 -1
ciMethod java/util/HashMap hash (Ljava/lang/Object;)I 2145 1 21431 0 0
ciMethod java/util/HashMap get (Ljava/lang/Object;)Ljava/lang/Object; 3081 1 11871 0 -1
ciMethod java/util/HashMap getNode (ILjava/lang/Object;)Ljava/util/HashMap$Node; 2081 1 12488 0 1088
ciMethod java/util/HashMap$TreeNode getTreeNode (ILjava/lang/Object;)Ljava/util/HashMap$TreeNode; 0 0 1 0 -1
ciMethodData java/util/HashMap hash (Ljava/lang/Object;)I 2 21435 orig 264 136 112 243 95 0 0 0 0 32 189 170 20 0 0 0 0 176 1 0 0 32 0 0 0 0 0 0 0 0 0 0 0 0 0 0 0 0 0 0 0 0 0 0 0 0 0 0 0 0 0 0 0 0 0 0 0 0 0 0 0 0 0 0 0 0 0 0 0 0 0 0 0 0 0 0 0 0 0 0 0 77 68 79 32 101 120 116 114 97 32 100 97 116 97 32 108 111 99 107 0 0 0 0 0 0 0 0 0 0 0 0 0 0 0 0 0 0 0 0 0 0 0 0 0 0 0 0 0 0 0 0 0 0 0 0 0 0 0 0 0 0 0 0 0 0 0 0 0 0 0 0 0 0 0 0 0 0 0 0 0 0 0 0 0 0 0 0 0 0 0 0 0 0 0 0 0 0 0 0 0 0 0 0 0 0 0 0 0 0 0 0 0 0 0 0 0 0 0 0 0 0 0 0 0 0 0 0 0 0 0 0 0 0 0 0 0 11 1 0 0 121 149 2 0 1 0 0 0 0 0 0 0 0 0 0 0 2 0 0 0 0 0 6 0 2 0 0 0 104 0 0 0 255 255 255 255 7 0 1 0 0 0 0 0 data 13 0x10007 0x52b2 0x38 0x0 0x50003 0x0 0x48 0x90005 0x3166 0x2c58c30 0x935 0x1793fc70 0x1d9 oops 2 9 java/lang/String 11 java/util/jar/Attributes$Name
ciMethodData java/util/HashMap getNode (ILjava/lang/Object;)Ljava/util/HashMap$Node; 2 12488 orig 264 136 112 243 95 0 0 0 0 208 198 170 20 0 0 0 0 8 4 0 0 112 2 0 0 0 0 0 0 0 0 0 0 0 0 0 0 0 0 0 0 0 0 0 0 0 0 0 0 0 0 0 0 0 0 0 0 0 0 0 0 0 0 0 0 0 0 0 0 0 0 0 0 0 0 0 0 0 0 0 0 77 68 79 32 101 120 116 114 97 32 100 97 116 97 32 108 111 99 107 0 0 0 0 0 0 0 0 0 0 0 0 0 0 0 0 0 0 0 0 0 0 0 0 0 0 0 0 0 0 0 0 0 0 0 0 0 0 0 0 0 0 0 0 0 1 0 0 0 0 0 0 0 0 0 0 0 0 0 0 0 0 0 0 0 0 0 0 0 0 0 0 0 0 0 0 0 0 0 0 1 0 0 0 0 0 0 0 0 0 0 0 0 0 0 0 0 0 0 0 0 0 0 0 0 0 0 0 0 0 0 0 0 0 0 0 0 4 1 0 0 33 126 1 0 249 2 0 0 158 21 0 0 61 0 0 0 2 0 0 0 1 0 37 0 2 0 0 0 176 2 0 0 255 255 255 255 7 0 6 0 0 0 0 0 data 86 0x60007 0x13ac 0x2b0 0x1c1e 0xe0007 0x0 0x290 0x1c1e 0x1c0007 0x75c 0x270 0x14c7 0x250007 0x3d7 0xb0 0x10f0 0x310007 0x314 0x90 0xddc 0x350007 0x0 0x70 0xddc 0x3b0005 0xaa4 0x1533dc50 0x11d 0x2c58c30 0x21b 0x3e0007 0x16 0x20 0xdc6 0x4c0007 0x197 0x1a0 0x256 0x510004 0xfffffffffffffdaa 0x1793dbf0 0x63 0x0 0x0 0x540007 0x256 0x80 0x0 0x590004 0x0 0x0 0x0 0x0 0x0 0x5e0005 0x0 0x0 0x0 0x0 0x0 0x680007 0x5a 0xb0 0x212 0x740007 0x2a 0x90 0x1e8 0x780007 0x0 0x70 0x1e8 0x7e0005 0x0 0x2c58c30 0x6a 0x178aad10 0x17e 0x81e007 0x6 0x20 0x1e3 0x8f0007 0x16 0xffffffffffffff50 0x4a oops 5 26 java/security/CodeSource 28 java/lang/String 40 java/util/HashMap$Node 74 java/lang/String 76 com/android/dx/rop/code/RegisterSpec$ForComparison
ciMethodData java/util/HashMap get (Ljava/lang/Object;)Ljava/lang/Object; 2 11871 orig 264 136 112 243 95 0 0 0 0 160 197 170 20 0 0 0 0 200 1 0 0 0 0 0 0 0 0 0 0 0 0 0 0 0 0 0 0 0 0 0 0 0 0 0 0 0 0 0 0 0 0 0 0 0 0 0 0 0 0 0 0 0 0 0 0 0 0 0 0 0 0 0 0 0 0 0 0 0 0 0 0 77 68 79 32 101 120 116 114 97 32 100 97 116 97 32 108 111 99 107 0 0 0 0 0 0 0 0 0 0 0 0 0 0 0 0 0 0 0 0 0 0 0 0 0 0 0 0 0 0 0 0 0 0 0 0 0 0 0 0 0 0 0 0 0 0 0 0 0 0 0 0 0 0 0 0 0 0 0 0 0 0 0 0 0 0 0 0 0 0 0 0 0 0 0 0 0 0 0 0 0 0 0 0 0 0 0 0 0 0 0 0 0 0 0 0 0 0 0 0 0 0 0 0 0 0 0 0 0 0 0 0 0 0 0 0 0 129 1 0 0 241 102 1 0 1 0 0 0 0 0 0 0 0 0 0 0 2 0 0 0 0 0 10 0 2 0 0 0 120 0 0 0 255 255 255 255 2 0 2 0 0 0 0 0 data 15 0x20002 0x2cdf 0x60005 0x1 0x1793c180 0x2ce1 0x0 0x0 0xb0007 0x1ca0 0x38 0x1043 0xf0003 0x1044 0x18 oops 1 4 java/util/HashMap
ciMethod com/android/dx/rop/code/LocalItem equals (Ljava/lang/Object;)Z 913 1 404 0 -1
ciMethod com/android/dx/rop/code/RegisterSpec equals (ILcom/android/dx/rop/type/TypeBearer;Lcom/android/dx/rop/code/LocalItem;)Z 2049 1 5513 0 160
ciMethod com/android/dx/rop/code/RegisterSpec access$500 (Lcom/android/dx/rop/code/RegisterSpec;ILcom/android/dx/rop/type/TypeBearer;Lcom/android/dx/rop/code/LocalItem;)Z 2049 1 4985 0 0
ciMethod com/android/dx/rop/code/RegisterSpec$ForComparison equals (Ljava/lang/Object;)Z 2049 1 4985 0 0
ciMethodData com/android/dx/rop/code/RegisterSpec$ForComparison equals (Ljava/lang/Object;)Z 2 4985 orig 264 136 112 243 95 0 0 0 0 144 92 233 20 0 0 0 0 224 1 0 0 48 0 0 0 0 0 0 0 0 0 0 0 0 0 0 0 0 0 0 0 0 0 0 0 0 0 0 0 0 0 0 0 0 0 0 0 0 0 0 0 0 0 0 0 0 0 0 0 0 0 0 0 0 0 0 0 0 0 0 0 77 68 79 32 101 120 116 114 97 32 100 97 116 97 32 108 111 99 107 0 0 0 0 0 0 0 0 0 0 0 0 0 0 0 0 0 0 0 0 0 0 0 0 0 0 0 0 0 0 0 0 0 0 0 0 0 0 0 0 0 0 0 0 0 0 0 0 0 0 0 0 0 0 0 0 0 0 0 0 0 0 0 0 0 0 0 0 0 0 0 0 0 0 0 0 0 0 0 0 0 0 0 0 0 0 0 0 0 0 0 0 0 0 0 0 0 0 0 0 0 0 0 0 0 0 0 0 0 0 0 0 0 0 0 0 0 0 1 0 0 201 147 0 0 1 0 0 0 0 0 0 0 0 0 0 0 2 0 0 0 0 0 5 0 2 0 0 0 144 0 0 0 255 255 255 255 4 0 1 0 0 0 0 0 data 18 0x10004 0x0 0x178aef70 0x1279 0x0 0x0 0x40007 0x1279 0x20 0x0 0xa0004 0x0 0x178aef70 0x1279 0x0 0x0 0x1b0002 0x1279 oops 2 2 com/android/dx/rop/code/RegisterSpec 12 com/android/dx/rop/code/RegisterSpec
ciMethodData com/android/dx/rop/code/RegisterSpec access$500 (Lcom/android/dx/rop/code/RegisterSpec;ILcom/android/dx/rop/type/TypeBearer;Lcom/android/dx/rop/code/LocalItem;)Z 2 4992 orig 264 136 112 243 95 0 0 0 0 152 76 233 20 0 0 0 0 72 1 0 0 0 0 0 0 0 0 0 0 0 0 0 0 0 0 0 0 0 0 0 0 0 0 0 0 0 0 0 0 0 0 0 0 0 0 0 0 0 0 0 0 0 0 0 0 0 0 0 0 0 0 0 0 0 0 0 0 0 0 0 0 77 68 79 32 101 120 116 114 97 32 100 97 116 97 32 108 111 99 107 0 0 0 0 0 0 0 0 0 0 0 0 0 0 0 0 0 0 0 0 0 0 0 0 0 0 0 0 0 0 0 0 0 0 0 0 0 0 0 0 0 0 0 0 0 0 0 0 0 0 0 0 0 0 0 0 0 0 0 0 0 0 0 0 0 0 0 0 0 0 0 0 0 0 0 0 0 0 0 0 0 0 0 0 0 0 0 0 0 0 0 0 0 0 0 0 0 0 0 0 0 0 0 0 0 0 0 0 0 0 0 0 0 0 0 0 0 0 1 0 0 1 148 0 0 1 0 0 0 0 0 0 0 0 0 0 0 2 0 0 0 0 0 3 0 2 0 0 0 16 0 0 0 255 255 255 255 2 0 4 0 0 0 0 0 data 2 0x40002 0x1280 oops 0
ciMethodData com/android/dx/rop/code/RegisterSpec equals (ILcom/android/dx/rop/type/TypeBearer;Lcom/android/dx/rop/code/LocalItem;)Z 2 5513 orig 264 136 112 243 95 0 0 0 0 248 52 233 20 0 0 0 0 120 2 0 0 224 0 0 0 0 0 0 0 0 0 0 0 0 0 0 0 0 0 0 0 0 0 0 0 0 0 0 0 0 0 0 0 0 0 0 0 0 0 0 0 0 0 0 0 0 0 0 0 0 0 0 0 0 0 0 0 0 0 0 0 77 68 79 32 101 120 116 114 97 32 100 97 116 97 32 108 111 99 107 0 0 0 0 0 0 0 0 0 0 0 0 0 0 0 0 0 0 0 0 0 0 0 0 0 0 0 0 0 0 0 0 0 0 0 0 0 0 0 0 0 0 0 0 0 0 0 0 0 0 0 0 0 0 0 0 0 0 0 0 0 0 0 0 0 0 0 0 0 0 0 0 0 0 0 0 0 0 0 0 0 0 0 0 0 0 0 0 0 0 0 0 0 0 0 0 0 0 0 0 0 0 0 0 0 0 0 0 0 0 0 0 0 0 0 0 0 0 1 0 0 73 164 0 0 1 0 0 0 0 0 0 0 0 0 0 0 2 0 0 0 0 0 22 0 2 0 0 0 24 1 0 0 255 255 255 255 7 0 5 0 0 0 0 0 data 35 0x50007 0x48f 0x118 0xffa 0xd0005 0xf4 0x1772d1d0 0xd2c 0x1772d280 0x1da 0x100007 0x0 0xc8 0xffa 0x180007 0xffa 0x90 0x0 0x1f0007 0x0 0x88 0x0 0x270005 0x0 0x0 0x0 0x0 0x0 0x2a0007 0x0 0x38 0x0 0x2e0003 0xffa 0x18 oops 2 6 com/android/dx/rop/type/Type 8 com/android/dx/rop/cst/CstInteger
instanceKlass java/util/DualPivotQuicksort
instanceKlass com/android/dx/ssa/back/FirstFitLocalCombiningAllocator$Multiset
instanceKlass com/android/dx/dex/code/DalvCode
instanceKlass com/android/dx/dex/code/StdCatchBuilder
instanceKlass com/android/dx/dex/code/RopToDop
instanceKlass com/android/dx/dex/code/OutputFinisher
instanceKlass com/android/dx/dex/code/OutputCollector
instanceKlass com/android/dx/rop/code/Insn$BaseVisitor
instanceKlass com/android/dx/io/Opcodes
instanceKlass com/android/dx/dex/code/InsnFormat
instanceKlass com/android/dx/dex/code/Dop
instanceKlass com/android/dx/dex/code/Dops
instanceKlass com/android/dx/dex/code/BlockAddresses
instanceKlass com/android/dx/dex/code/CatchBuilder
instanceKlass com/android/dx/dex/code/DalvInsn
instanceKlass com/android/dx/dex/code/RopTranslator$TranslationVisitor
instanceKlass com/android/dx/dex/code/RopTranslator
instanceKlass com/android/dx/rop/code/LocalVariableExtractor
instanceKlass com/android/dx/ssa/back/IdenticalBlockCombiner
instanceKlass com/android/dx/ssa/back/SsaToRop$1
instanceKlass com/android/dx/ssa/back/SsaToRop$PhiVisitor
instanceKlass com/android/dx/ssa/back/FirstFitLocalCombiningAllocator$1
instanceKlass com/android/dx/ssa/back/LivenessAnalyzer$1
instanceKlass com/android/dx/ssa/back/InterferenceGraph
instanceKlass com/android/dx/ssa/back/LivenessAnalyzer
instanceKlass com/android/dx/ssa/back/RegisterAllocator
instanceKlass com/android/dx/ssa/back/SsaToRop
instanceKlass com/android/dx/ssa/PhiTypeResolver
instanceKlass com/android/dx/ssa/ConstCollector$1
instanceKlass java/util/HashMap$HashIterator
instanceKlass com/android/dx/ssa/ConstCollector
instanceKlass com/android/dx/ssa/LiteralOpUpgrader$1
instanceKlass com/android/dx/ssa/LiteralOpUpgrader
instanceKlass com/android/dx/ssa/DeadCodeRemover$NoSideEffectVisitor
instanceKlass com/android/dx/ssa/DeadCodeRemover
instanceKlass com/android/dx/ssa/SsaMethod$1
instanceKlass com/android/dx/ssa/SsaMethod$2
instanceKlass com/android/dx/ssa/SCCP
instanceKlass com/android/dx/ssa/MoveParamCombiner$1
instanceKlass com/android/dx/ssa/MoveParamCombiner
instanceKlass com/android/dx/ssa/PhiInsn$Operand
instanceKlass com/android/dx/ssa/SsaRenamer$BlockRenamer$1
instanceKlass com/android/dx/ssa/PhiInsn$Visitor
instanceKlass com/android/dx/ssa/RegisterMapper
instanceKlass com/android/dx/ssa/SsaRenamer$BlockRenamer
instanceKlass com/android/dx/ssa/SsaRenamer$1
instanceKlass com/android/dx/ssa/SsaRenamer
instanceKlass com/android/dx/util/BitIntSet$1
instanceKlass com/android/dx/util/IntIterator
instanceKlass com/android/dx/util/BitIntSet
instanceKlass com/android/dx/util/IntSet
instanceKlass com/android/dx/ssa/SetFactory
instanceKlass com/android/dx/ssa/Dominators$DfsWalker
instanceKlass com/android/dx/ssa/Dominators$DFSInfo
instanceKlass com/android/dx/ssa/SsaBasicBlock$Visitor
instanceKlass com/android/dx/ssa/Dominators
instanceKlass com/android/dx/ssa/DomFront$DomInfo
instanceKlass com/android/dx/ssa/DomFront
instanceKlass com/android/dx/ssa/LocalVariableExtractor
instanceKlass com/android/dx/ssa/SsaBasicBlock$LabelComparator
instanceKlass com/android/dx/ssa/SsaBasicBlock
instanceKlass com/android/dx/rop/code/BasicBlockList$RegCountVisitor
instanceKlass com/android/dx/ssa/SsaInsn
instanceKlass com/android/dx/ssa/SsaInsn$Visitor
instanceKlass com/android/dx/ssa/SsaMethod
instanceKlass com/android/dx/ssa/SsaConverter
instanceKlass java/lang/Class$4
instanceKlass com/android/dx/ssa/Optimizer
instanceKlass com/android/dx/rop/code/RopMethod
instanceKlass com/android/dx/rop/code/Insn$Visitor
instanceKlass com/android/dx/cf/code/Merger
instanceKlass java/util/ArrayList$Itr
instanceKlass com/android/dx/rop/code/BasicBlock
instanceKlass com/android/dx/rop/code/Exceptions
instanceKlass com/android/dx/rop/code/Rop
instanceKlass com/android/dx/rop/code/Rops
instanceKlass com/android/dx/rop/code/RegisterSpec$ForComparison
instanceKlass com/android/dx/rop/code/RegisterSpec
instanceKlass com/android/dx/rop/code/LocalItem
instanceKlass com/android/dx/rop/code/SourcePosition
instanceKlass com/android/dx/cf/code/Ropper$LabelAllocator
instanceKlass com/android/dx/cf/code/Ropper$CatchInfo
instanceKlass com/android/dx/cf/code/Ropper$Subroutine
instanceKlass com/android/dx/cf/code/Frame
instanceKlass com/android/dx/cf/code/Simulator$SimVisitor
instanceKlass com/android/dx/cf/code/Simulator
instanceKlass com/android/dx/cf/code/BaseMachine
instanceKlass com/android/dx/cf/code/ByteBlock
instanceKlass com/android/dx/util/LabeledItem
instanceKlass com/android/dx/cf/code/ByteCatchList$Item
instanceKlass com/android/dx/cf/code/ByteOps
instanceKlass com/android/dx/util/Bits
instanceKlass com/android/dx/cf/code/BasicBlocker
instanceKlass com/android/dx/rop/code/BasicBlock$Visitor
instanceKlass com/android/dx/rop/code/Insn
instanceKlass com/android/dx/cf/code/Machine
instanceKlass com/android/dx/cf/code/Ropper
instanceKlass com/android/dx/rop/code/DexTranslationAdvice
instanceKlass com/android/dx/cf/code/ConcreteMethod
instanceKlass com/android/dx/dex/file/EncodedMember
instanceKlass com/android/dx/dex/file/ValueEncoder
instanceKlass com/android/dx/dex/file/AnnotationItem$TypeIdSorter
instanceKlass java/util/Collections$UnmodifiableCollection$1
instanceKlass java/util/TreeMap$PrivateEntryIterator
instanceKlass com/android/dx/rop/annotation/NameValuePair
instanceKlass com/android/dx/dex/file/AnnotationUtils
instanceKlass java/util/TreeMap$Entry
instanceKlass com/android/dx/cf/attrib/InnerClassList$Item
instanceKlass com/android/dx/util/Hex
instanceKlass com/android/dx/rop/code/AccessFlags
instanceKlass com/android/dx/dex/cf/AttributeTranslator
instanceKlass com/android/dx/cf/code/LineNumberList$Item
instanceKlass com/android/dx/cf/code/LocalVariableList$Item
instanceKlass com/android/dx/dex/cf/OptimizerOptions
instanceKlass com/android/dx/cf/code/BytecodeArray$BaseVisitor
instanceKlass com/android/dx/rop/code/TranslationAdvice
instanceKlass com/android/dx/dex/code/DalvCode$AssignIndicesCallback
instanceKlass com/android/dx/cf/code/BytecodeArray
instanceKlass com/android/dx/cf/iface/StdMember
instanceKlass com/android/dx/dex/cf/CfTranslator
instanceKlass com/android/dx/cf/attrib/BaseAttribute
instanceKlass com/android/dx/rop/type/Prototype
instanceKlass sun/nio/ch/Interruptible
instanceKlass java/util/concurrent/locks/LockSupport
instanceKlass com/android/dx/command/dexer/Main$ClassDefItemConsumer
instanceKlass java/util/concurrent/FutureTask$WaitNode
instanceKlass java/util/concurrent/FutureTask
instanceKlass java/util/concurrent/RunnableFuture
instanceKlass java/util/concurrent/Future
instanceKlass com/android/dx/command/dexer/Main$ClassTranslatorTask
instanceKlass com/android/dx/cf/direct/AttributeListParser
instanceKlass com/android/dx/cf/iface/Method
instanceKlass com/android/dx/cf/iface/Field
instanceKlass com/android/dx/cf/iface/Member
instanceKlass com/android/dx/cf/direct/MemberListParser
instanceKlass com/android/dx/rop/type/Type
instanceKlass com/android/dx/util/MutabilityControl
instanceKlass com/android/dx/cf/cst/ConstantPoolParser
instanceKlass com/android/dx/cf/code/BytecodeArray$Visitor
instanceKlass com/android/dx/cf/iface/Attribute
instanceKlass com/android/dx/util/ByteArray
instanceKlass com/android/dx/cf/iface/MethodList
instanceKlass com/android/dx/cf/iface/FieldList
instanceKlass com/android/dx/rop/type/TypeList
instanceKlass com/android/dx/cf/iface/AttributeList
instanceKlass com/android/dx/rop/cst/ConstantPool
instanceKlass com/android/dx/cf/direct/DirectClassFile
instanceKlass com/android/dx/cf/iface/ClassFile
instanceKlass com/android/dx/cf/iface/HasAttribute
instanceKlass com/android/dx/command/dexer/Main$ClassParserTask
instanceKlass com/android/dx/command/dexer/Main$DirectClassFileConsumer
instanceKlass com/android/dex/util/FileUtils
instanceKlass java/util/regex/Matcher
instanceKlass java/util/regex/MatchResult
instanceKlass java/util/regex/Pattern$Node
instanceKlass java/util/regex/Pattern
instanceKlass java/util/TimSort
instanceKlass com/android/dx/cf/direct/ClassPathOpener$2
instanceKlass com/android/dx/command/dexer/Main$FileBytesConsumer
instanceKlass com/android/dx/cf/direct/ClassPathOpener$1
instanceKlass com/android/dx/cf/direct/ClassPathOpener
instanceKlass java/util/concurrent/ThreadPoolExecutor$CallerRunsPolicy
instanceKlass java/util/ComparableTimSort
instanceKlass sun/security/action/GetBooleanAction
instanceKlass java/util/Arrays$LegacyMergeSort
instanceKlass java/util/NavigableMap
instanceKlass java/util/SortedMap
instanceKlass com/android/dx/dex/file/MixedItemSection$1
instanceKlass com/android/dx/dex/file/Item
instanceKlass com/android/dx/dex/file/Section
instanceKlass com/android/dx/rop/type/TypeBearer
instanceKlass com/android/dx/rop/cst/Constant
instanceKlass com/android/dx/util/ToHuman
instanceKlass com/android/dx/util/AnnotatedOutput
instanceKlass com/android/dx/util/Output
instanceKlass com/android/dex/util/ByteOutput
instanceKlass com/android/dx/dex/file/DexFile
